#
# There is insufficient memory for the Java Runtime Environment to continue.
# Native memory allocation (mmap) failed to map 65536 bytes. Error detail: Failed to commit metaspace.
# Possible reasons:
#   The system is out of physical RAM or swap space
#   This process is running with CompressedOops enabled, and the Java Heap may be blocking the growth of the native heap
# Possible solutions:
#   Reduce memory load on the system
#   Increase physical memory or swap space
#   Check if swap backing store is full
#   Decrease Java heap size (-Xmx/-Xms)
#   Decrease number of Java threads
#   Decrease Java thread stack sizes (-Xss)
#   Set larger code cache with -XX:ReservedCodeCacheSize=
#   JVM is running with Unscaled Compressed Oops mode in which the Java heap is
#     placed in the first 4GB address space. The Java Heap base address is the
#     maximum limit for the native heap growth. Please use -XX:HeapBaseMinAddress
#     to set the Java Heap base and to place the Java Heap above 4GB virtual address.
# This output file may be truncated or incomplete.
#
#  Out of Memory Error (virtualSpaceNode.cpp:110), pid=7140, tid=21312
#
# JRE version: OpenJDK Runtime Environment Temurin-17.0.11+9 (17.0.11+9) (build 17.0.11+9)
# Java VM: OpenJDK 64-Bit Server VM Temurin-17.0.11+9 (17.0.11+9, mixed mode, tiered, compressed oops, compressed class ptrs, parallel gc, windows-amd64)
# No core dump will be written. Minidumps are not enabled by default on client versions of Windows
#

---------------  S U M M A R Y ------------

Command Line: --add-modules=ALL-SYSTEM --add-opens=java.base/java.util=ALL-UNNAMED --add-opens=java.base/java.lang=ALL-UNNAMED --add-opens=java.base/sun.nio.fs=ALL-UNNAMED -Declipse.application=org.eclipse.jdt.ls.core.id1 -Dosgi.bundles.defaultStartLevel=4 -Declipse.product=org.eclipse.jdt.ls.core.product -Djava.import.generatesMetadataFilesAtProjectRoot=false -DDetectVMInstallationsJob.disabled=true -Dfile.encoding=utf8 -XX:+UseParallelGC -XX:GCTimeRatio=4 -XX:AdaptiveSizePolicyWeight=90 -Dsun.zip.disableMemoryMapping=true -Xmx1G -Xms100m -Xlog:disable -javaagent:c:\Users\rmfls\.vscode\extensions\redhat.java-1.32.0-win32-x64\lombok\lombok-1.18.33.jar -XX:+HeapDumpOnOutOfMemoryError -XX:HeapDumpPath=c:\Users\rmfls\AppData\Roaming\Code\User\workspaceStorage\b6e8e065e50e717ed850505fb393d2c7\redhat.java -Daether.dependencyCollector.impl=bf c:\Users\rmfls\.vscode\extensions\redhat.java-1.32.0-win32-x64\server\plugins\org.eclipse.equinox.launcher_1.6.900.v20240613-2009.jar -configuration c:\Users\rmfls\AppData\Roaming\Code\User\globalStorage\redhat.java\1.32.0\config_win -data c:\Users\rmfls\AppData\Roaming\Code\User\workspaceStorage\b6e8e065e50e717ed850505fb393d2c7\redhat.java\jdt_ws --pipe=\\.\pipe\lsp-d4633eaa4e366501d19ca80a6fa141c7-sock

Host: AMD Ryzen 5 5600X 6-Core Processor             , 12 cores, 31G,  Windows 11 , 64 bit Build 22621 (10.0.22621.3672)
Time: Wed Jul 24 16:42:52 2024  Windows 11 , 64 bit Build 22621 (10.0.22621.3672) elapsed time: 0.928225 seconds (0d 0h 0m 0s)

---------------  T H R E A D  ---------------

Current thread (0x000001fc085400e0):  JavaThread "main" [_thread_in_vm, id=21312, stack(0x0000008627b00000,0x0000008627c00000)]

Stack: [0x0000008627b00000,0x0000008627c00000]
Native frames: (J=compiled Java code, j=interpreted, Vv=VM code, C=native code)
V  [jvm.dll+0x67d429]
V  [jvm.dll+0x834b7a]
V  [jvm.dll+0x83663e]
V  [jvm.dll+0x836ca3]
V  [jvm.dll+0x247dbf]
V  [jvm.dll+0x83083b]
V  [jvm.dll+0x621d56]
V  [jvm.dll+0x1c1b3e]
V  [jvm.dll+0x6246b1]
V  [jvm.dll+0x6226f6]
V  [jvm.dll+0x23d710]
V  [jvm.dll+0x1ec56b]
V  [jvm.dll+0x1e1f11]
V  [jvm.dll+0x54250e]
V  [jvm.dll+0x7aecb8]
V  [jvm.dll+0x7aeda4]
V  [jvm.dll+0x4106a5]
V  [jvm.dll+0x416819]
C  [java.dll+0x17ec]

Java frames: (J=compiled Java code, j=interpreted, Vv=VM code)
j  java.lang.ClassLoader.defineClass1(Ljava/lang/ClassLoader;Ljava/lang/String;[BIILjava/security/ProtectionDomain;Ljava/lang/String;)Ljava/lang/Class;+0 java.base@17.0.11
j  java.lang.ClassLoader.defineClass(Ljava/lang/String;[BIILjava/security/ProtectionDomain;)Ljava/lang/Class;+27 java.base@17.0.11
j  java.security.SecureClassLoader.defineClass(Ljava/lang/String;[BIILjava/security/CodeSource;)Ljava/lang/Class;+12 java.base@17.0.11
j  java.net.URLClassLoader.defineClass(Ljava/lang/String;Ljdk/internal/loader/Resource;)Ljava/lang/Class;+221 java.base@17.0.11
j  java.net.URLClassLoader$1.run()Ljava/lang/Class;+43 java.base@17.0.11
j  java.net.URLClassLoader$1.run()Ljava/lang/Object;+1 java.base@17.0.11
J 905 c1 java.security.AccessController.executePrivileged(Ljava/security/PrivilegedExceptionAction;Ljava/security/AccessControlContext;Ljava/lang/Class;)Ljava/lang/Object; java.base@17.0.11 (65 bytes) @ 0x000001fc0cb23f34 [0x000001fc0cb23de0+0x0000000000000154]
j  java.security.AccessController.doPrivileged(Ljava/security/PrivilegedExceptionAction;Ljava/security/AccessControlContext;)Ljava/lang/Object;+13 java.base@17.0.11
j  java.net.URLClassLoader.findClass(Ljava/lang/String;)Ljava/lang/Class;+13 java.base@17.0.11
J 935 c1 java.lang.ClassLoader.loadClass(Ljava/lang/String;Z)Ljava/lang/Class; java.base@17.0.11 (121 bytes) @ 0x000001fc0cb348dc [0x000001fc0cb34340+0x000000000000059c]
J 788 c1 java.lang.ClassLoader.loadClass(Ljava/lang/String;)Ljava/lang/Class; java.base@17.0.11 (7 bytes) @ 0x000001fc0caf3c3c [0x000001fc0caf3b40+0x00000000000000fc]
v  ~StubRoutines::call_stub
j  org.eclipse.osgi.container.ModuleContainer.<init>(Lorg/eclipse/osgi/container/ModuleContainerAdaptor;Lorg/eclipse/osgi/container/ModuleDatabase;)V+92
j  org.eclipse.osgi.storage.Storage.<init>(Lorg/eclipse/osgi/internal/framework/EquinoxContainer;[Ljava/lang/String;)V+703
j  org.eclipse.osgi.storage.Storage.createStorage(Lorg/eclipse/osgi/internal/framework/EquinoxContainer;)Lorg/eclipse/osgi/storage/Storage;+11
j  org.eclipse.osgi.internal.framework.EquinoxContainer.<init>(Ljava/util/Map;Lorg/osgi/framework/connect/ModuleConnector;)V+146
j  org.eclipse.osgi.launch.Equinox.<init>(Ljava/util/Map;Lorg/osgi/framework/connect/ModuleConnector;)V+10
j  org.eclipse.osgi.launch.Equinox.<init>(Ljava/util/Map;)V+3
j  org.eclipse.core.runtime.adaptor.EclipseStarter.startup([Ljava/lang/String;Ljava/lang/Runnable;)Lorg/osgi/framework/BundleContext;+28
j  org.eclipse.core.runtime.adaptor.EclipseStarter.run([Ljava/lang/String;Ljava/lang/Runnable;)Ljava/lang/Object;+21
v  ~StubRoutines::call_stub
j  jdk.internal.reflect.NativeMethodAccessorImpl.invoke0(Ljava/lang/reflect/Method;Ljava/lang/Object;[Ljava/lang/Object;)Ljava/lang/Object;+0 java.base@17.0.11
j  jdk.internal.reflect.NativeMethodAccessorImpl.invoke(Ljava/lang/Object;[Ljava/lang/Object;)Ljava/lang/Object;+133 java.base@17.0.11
j  jdk.internal.reflect.DelegatingMethodAccessorImpl.invoke(Ljava/lang/Object;[Ljava/lang/Object;)Ljava/lang/Object;+6 java.base@17.0.11
j  java.lang.reflect.Method.invoke(Ljava/lang/Object;[Ljava/lang/Object;)Ljava/lang/Object;+59 java.base@17.0.11
j  org.eclipse.equinox.launcher.Main.invokeFramework([Ljava/lang/String;[Ljava/net/URL;)V+202
j  org.eclipse.equinox.launcher.Main.basicRun([Ljava/lang/String;)V+159
j  org.eclipse.equinox.launcher.Main.run([Ljava/lang/String;)I+4
j  org.eclipse.equinox.launcher.Main.main([Ljava/lang/String;)V+10
v  ~StubRoutines::call_stub

Compiled method (c1)     945  905       3       java.security.AccessController::executePrivileged (65 bytes)
 total in heap  [0x000001fc0cb23c10,0x000001fc0cb241f8] = 1512
 relocation     [0x000001fc0cb23d68,0x000001fc0cb23dc8] = 96
 main code      [0x000001fc0cb23de0,0x000001fc0cb24080] = 672
 stub code      [0x000001fc0cb24080,0x000001fc0cb240d8] = 88
 metadata       [0x000001fc0cb240d8,0x000001fc0cb240e8] = 16
 scopes data    [0x000001fc0cb240e8,0x000001fc0cb24160] = 120
 scopes pcs     [0x000001fc0cb24160,0x000001fc0cb241e0] = 128
 dependencies   [0x000001fc0cb241e0,0x000001fc0cb241e8] = 8
 nul chk table  [0x000001fc0cb241e8,0x000001fc0cb241f8] = 16

[Constant Pool (empty)]

[MachCode]
[Verified Entry Point]
  # {method} {0x000001fc1f030fe8} 'executePrivileged' '(Ljava/security/PrivilegedExceptionAction;Ljava/security/AccessControlContext;Ljava/lang/Class;)Ljava/lang/Object;' in 'java/security/AccessController'
  # parm0:    rdx:rdx   = 'java/security/PrivilegedExceptionAction'
  # parm1:    r8:r8     = 'java/security/AccessControlContext'
  # parm2:    r9:r9     = 'java/lang/Class'
  #           [sp+0x50]  (sp of caller)
  0x000001fc0cb23de0: 8984 2400 | 90ff ff55 | 4883 ec40 | 4c89 4424 

  0x000001fc0cb23df0: ;   {metadata(method data for {method} {0x000001fc1f030fe8} 'executePrivileged' '(Ljava/security/PrivilegedExceptionAction;Ljava/security/AccessControlContext;Ljava/lang/Class;)Ljava/lang/Object;' in 'java/security/AccessController')}
  0x000001fc0cb23df0: 3048 be98 | 709b 1ffc | 0100 008b | becc 0000 | 0083 c702 | 89be cc00 | 0000 81e7 | fe07 0000 
  0x000001fc0cb23e10: 83ff 000f | 84b7 0100 | 0049 83f8 

  0x000001fc0cb23e1c: ;   {metadata(method data for {method} {0x000001fc1f030fe8} 'executePrivileged' '(Ljava/security/PrivilegedExceptionAction;Ljava/security/AccessControlContext;Ljava/lang/Class;)Ljava/lang/Object;' in 'java/security/AccessController')}
  0x000001fc0cb23e1c: 0048 be98 | 709b 1ffc | 0100 0048 | bf10 0100 | 0000 0000 | 000f 840a | 0000 0048 | bf20 0100 
  0x000001fc0cb23e3c: 0000 0000 | 0048 8b1c | 3e48 8d5b | 0148 891c | 3e4c 894c | 2428 4889 | 5424 200f | 841f 0000 
  0x000001fc0cb23e5c: ;   {metadata(method data for {method} {0x000001fc1f030fe8} 'executePrivileged' '(Ljava/security/PrivilegedExceptionAction;Ljava/security/AccessControlContext;Ljava/lang/Class;)Ljava/lang/Object;' in 'java/security/AccessController')}
  0x000001fc0cb23e5c: 0048 be98 | 709b 1ffc | 0100 0048 | 8386 3001 | 0000 0149 | 8bd0 0f1f 

  0x000001fc0cb23e74: ;   {static_call}
  0x000001fc0cb23e74: 4400 00e8 

  0x000001fc0cb23e78: ; ImmutableOopMap {[32]=Oop [40]=Oop [48]=Oop }
                      ;*invokestatic ensureMaterializedForStackWalk {reexecute=0 rethrow=0 return_oop=0}
                      ; - java.security.AccessController::executePrivileged@5
  0x000001fc0cb23e78: 0902 0000 

  0x000001fc0cb23e7c: ;   {metadata(method data for {method} {0x000001fc1f030fe8} 'executePrivileged' '(Ljava/security/PrivilegedExceptionAction;Ljava/security/AccessControlContext;Ljava/lang/Class;)Ljava/lang/Object;' in 'java/security/AccessController')}
  0x000001fc0cb23e7c: 48ba 9870 | 9b1f fc01 | 0000 ff82 | 4001 0000 | 488b 5424 | 2048 3b02 

  0x000001fc0cb23e94: ;   {metadata(method data for {method} {0x000001fc1f030fe8} 'executePrivileged' '(Ljava/security/PrivilegedExceptionAction;Ljava/security/AccessControlContext;Ljava/lang/Class;)Ljava/lang/Object;' in 'java/security/AccessController')}
  0x000001fc0cb23e94: 488b f248 | bf98 709b | 1ffc 0100 | 008b 7608 | 48c1 e603 | 483b b7b0 | 0100 0075 | 0d48 8387 
  0x000001fc0cb23eb4: b801 0000 | 01e9 6600 | 0000 483b | b7c0 0100 | 0075 0d48 | 8387 c801 | 0000 01e9 | 5000 0000 
  0x000001fc0cb23ed4: 4881 bfb0 | 0100 0000 | 0000 0075 | 1748 89b7 | b001 0000 | 48c7 87b8 | 0100 0001 | 0000 00e9 
  0x000001fc0cb23ef4: 2c00 0000 | 4881 bfc0 | 0100 0000 | 0000 0075 | 1748 89b7 | c001 0000 | 48c7 87c8 | 0100 0001 
  0x000001fc0cb23f14: 0000 00e9 | 0800 0000 | 4883 87a0 | 0100 0001 | 9048 b8b0 | 4f23 25fc 

  0x000001fc0cb23f2c: ;   {virtual_call}
  0x000001fc0cb23f2c: 0100 00e8 

  0x000001fc0cb23f30: ; ImmutableOopMap {[40]=Oop [48]=Oop }
                      ;*invokeinterface run {reexecute=0 rethrow=0 return_oop=0}
                      ; - java.security.AccessController::executePrivileged@29
  0x000001fc0cb23f30: dcb3 4a07 

  0x000001fc0cb23f34: ;   {metadata(method data for {method} {0x000001fc1f030fe8} 'executePrivileged' '(Ljava/security/PrivilegedExceptionAction;Ljava/security/AccessControlContext;Ljava/lang/Class;)Ljava/lang/Object;' in 'java/security/AccessController')}
  0x000001fc0cb23f34: 48be 9870 | 9b1f fc01 | 0000 ff86 | d801 0000 | 4c8b 4c24 

  0x000001fc0cb23f48: ;   {metadata(method data for {method} {0x000001fc1f030fe8} 'executePrivileged' '(Ljava/security/PrivilegedExceptionAction;Ljava/security/AccessControlContext;Ljava/lang/Class;)Ljava/lang/Object;' in 'java/security/AccessController')}
  0x000001fc0cb23f48: 2848 be98 | 709b 1ffc | 0100 0048 | 8386 3802 

  0x000001fc0cb23f58: ;   {metadata(method data for {method} {0x000001fc1f035da8} 'reachabilityFence' '(Ljava/lang/Object;)V' in 'java/lang/ref/Reference')}
  0x000001fc0cb23f58: 0000 0148 | be08 895f | 1ffc 0100 | 008b becc | 0000 0083 | c702 89be | cc00 0000 | 81e7 feff 
  0x000001fc0cb23f78: 1f00 83ff | 000f 8473 

  0x000001fc0cb23f80: ;   {metadata(method data for {method} {0x000001fc1f030fe8} 'executePrivileged' '(Ljava/security/PrivilegedExceptionAction;Ljava/security/AccessControlContext;Ljava/lang/Class;)Ljava/lang/Object;' in 'java/security/AccessController')}
  0x000001fc0cb23f80: 0000 0048 | be98 709b | 1ffc 0100 | 0048 8386 | 4802 0000 

  0x000001fc0cb23f94: ;   {metadata(method data for {method} {0x000001fc1f035da8} 'reachabilityFence' '(Ljava/lang/Object;)V' in 'java/lang/ref/Reference')}
  0x000001fc0cb23f94: 0148 be08 | 895f 1ffc | 0100 008b | becc 0000 | 0083 c702 | 89be cc00 | 0000 81e7 | feff 1f00 
  0x000001fc0cb23fb4: 83ff 000f | 845a 0000 | 0048 83c4 

  0x000001fc0cb23fc0: ;   {poll_return}
  0x000001fc0cb23fc0: 405d 493b | a750 0300 | 000f 8766 | 0000 00c3 

  0x000001fc0cb23fd0: ;   {metadata({method} {0x000001fc1f030fe8} 'executePrivileged' '(Ljava/security/PrivilegedExceptionAction;Ljava/security/AccessControlContext;Ljava/lang/Class;)Ljava/lang/Object;' in 'java/security/AccessController')}
  0x000001fc0cb23fd0: 49ba e00f | 031f fc01 | 0000 4c89 | 5424 0848 | c704 24ff 

  0x000001fc0cb23fe4: ;   {runtime_call counter_overflow Runtime1 stub}
  0x000001fc0cb23fe4: ffff ffe8 

  0x000001fc0cb23fe8: ; ImmutableOopMap {rdx=Oop r8=Oop [48]=Oop r9=Oop }
                      ;*synchronization entry
                      ; - java.security.AccessController::executePrivileged@-1
  0x000001fc0cb23fe8: 1485 4a07 | e928 feff 

  0x000001fc0cb23ff0: ;   {runtime_call throw_null_pointer_exception Runtime1 stub}
  0x000001fc0cb23ff0: ffe8 aa54 

  0x000001fc0cb23ff4: ; ImmutableOopMap {[40]=Oop rdx=Oop [48]=Oop }
                      ;*invokeinterface run {reexecute=0 rethrow=0 return_oop=0}
                      ; - java.security.AccessController::executePrivileged@29
                      ;   {metadata({method} {0x000001fc1f035da8} 'reachabilityFence' '(Ljava/lang/Object;)V' in 'java/lang/ref/Reference')}
  0x000001fc0cb23ff4: 4107 49ba | a05d 031f | fc01 0000 | 4c89 5424 | 0848 c704 | 24ff ffff 

  0x000001fc0cb2400c: ;   {runtime_call counter_overflow Runtime1 stub}
  0x000001fc0cb2400c: ffe8 ee84 

  0x000001fc0cb24010: ; ImmutableOopMap {rax=Oop r9=Oop }
                      ;*synchronization entry
                      ; - java.lang.ref.Reference::reachabilityFence@-1
                      ; - java.security.AccessController::executePrivileged@56
  0x000001fc0cb24010: 4a07 e96c 

  0x000001fc0cb24014: ;   {metadata({method} {0x000001fc1f035da8} 'reachabilityFence' '(Ljava/lang/Object;)V' in 'java/lang/ref/Reference')}
  0x000001fc0cb24014: ffff ff49 | baa0 5d03 | 1ffc 0100 | 004c 8954 | 2408 48c7 | 0424 ffff 

  0x000001fc0cb2402c: ;   {runtime_call counter_overflow Runtime1 stub}
  0x000001fc0cb2402c: ffff e8cd 

  0x000001fc0cb24030: ; ImmutableOopMap {rax=Oop }
                      ;*synchronization entry
                      ; - java.lang.ref.Reference::reachabilityFence@-1
                      ; - java.security.AccessController::executePrivileged@60
  0x000001fc0cb24030: 844a 07eb 

  0x000001fc0cb24034: ;   {internal_word}
  0x000001fc0cb24034: 8849 bac2 | 3fb2 0cfc | 0100 004d | 8997 6803 

  0x000001fc0cb24044: ;   {runtime_call SafepointBlob}
  0x000001fc0cb24044: 0000 e9b5 | 3640 0790 | 9049 8b87 | e003 0000 | 49c7 87e0 | 0300 0000 | 0000 0049 | c787 e803 
  0x000001fc0cb24064: 0000 0000 | 0000 4883 

  0x000001fc0cb2406c: ;   {runtime_call unwind_exception Runtime1 stub}
  0x000001fc0cb2406c: c440 5de9 | 0c63 4107 | f4f4 f4f4 | f4f4 f4f4 | f4f4 f4f4 
[Stub Code]
  0x000001fc0cb24080: ;   {no_reloc}
  0x000001fc0cb24080: 0f1f 4400 

  0x000001fc0cb24084: ;   {static_stub}
  0x000001fc0cb24084: 0048 bb58 | 0d03 1ffc 

  0x000001fc0cb2408c: ;   {runtime_call I2C/C2I adapters}
  0x000001fc0cb2408c: 0100 00e9 | bc19 4007 

  0x000001fc0cb24094: ;   {static_stub}
  0x000001fc0cb24094: 9048 bb00 | 0000 0000 

  0x000001fc0cb2409c: ;   {runtime_call}
  0x000001fc0cb2409c: 0000 00e9 | fbff ffff 
[Exception Handler]
  0x000001fc0cb240a4: ;   {runtime_call handle_exception_from_callee Runtime1 stub}
  0x000001fc0cb240a4: e8d7 3541 

  0x000001fc0cb240a8: ;   {external_word}
  0x000001fc0cb240a8: 0748 b930 | 9aa8 1dfd | 7f00 0048 

  0x000001fc0cb240b4: ;   {runtime_call}
  0x000001fc0cb240b4: 83e4 f049 | ba40 2b71 | 1dfd 7f00 | 0041 ffd2 

  0x000001fc0cb240c4: ;   {section_word}
  0x000001fc0cb240c4: f449 bac5 | 40b2 0cfc | 0100 0041 

  0x000001fc0cb240d0: ;   {runtime_call DeoptimizationBlob}
  0x000001fc0cb240d0: 52e9 ca28 | 4007 f4f4 
[/MachCode]


Compiled method (c1)     967  935   !   3       java.lang.ClassLoader::loadClass (121 bytes)
 total in heap  [0x000001fc0cb34090,0x000001fc0cb35638] = 5544
 relocation     [0x000001fc0cb341e8,0x000001fc0cb34338] = 336
 main code      [0x000001fc0cb34340,0x000001fc0cb34f00] = 3008
 stub code      [0x000001fc0cb34f00,0x000001fc0cb34fe8] = 232
 oops           [0x000001fc0cb34fe8,0x000001fc0cb34ff8] = 16
 metadata       [0x000001fc0cb34ff8,0x000001fc0cb35060] = 104
 scopes data    [0x000001fc0cb35060,0x000001fc0cb352c0] = 608
 scopes pcs     [0x000001fc0cb352c0,0x000001fc0cb35480] = 448
 dependencies   [0x000001fc0cb35480,0x000001fc0cb354a0] = 32
 handler table  [0x000001fc0cb354a0,0x000001fc0cb35620] = 384
 nul chk table  [0x000001fc0cb35620,0x000001fc0cb35638] = 24

[Constant Pool (empty)]

[MachCode]
[Entry Point]
  # {method} {0x000001fc1f01d4a8} 'loadClass' '(Ljava/lang/String;Z)Ljava/lang/Class;' in 'java/lang/ClassLoader'
  # this:     rdx:rdx   = 'java/lang/ClassLoader'
  # parm0:    r8:r8     = 'java/lang/String'
  # parm1:    r9        = boolean
  #           [sp+0xd0]  (sp of caller)
  0x000001fc0cb34340: 448b 5208 | 49c1 e203 

  0x000001fc0cb34348: ;   {runtime_call ic_miss_stub}
  0x000001fc0cb34348: 4c3b d00f | 852f ca3e | 070f 1f84 | 0000 0000 | 000f 1f80 | 0000 0000 
[Verified Entry Point]
  0x000001fc0cb34360: 8984 2400 | 90ff ff55 | 4881 ecc0 | 0000 0048 | 8954 2450 | 4c89 4424 

  0x000001fc0cb34378: ;   {metadata(method data for {method} {0x000001fc1f01d4a8} 'loadClass' '(Ljava/lang/String;Z)Ljava/lang/Class;' in 'java/lang/ClassLoader')}
  0x000001fc0cb34378: 5848 be98 | ae9b 1ffc | 0100 008b | becc 0000 | 0083 c702 | 89be cc00 | 0000 81e7 | fe07 0000 
  0x000001fc0cb34398: 83ff 000f | 8444 0900 | 0044 894c | 2460 488b 

  0x000001fc0cb343a8: ;   {metadata(method data for {method} {0x000001fc1f01d4a8} 'loadClass' '(Ljava/lang/String;Z)Ljava/lang/Class;' in 'java/lang/ClassLoader')}
  0x000001fc0cb343a8: f248 bf98 | ae9b 1ffc | 0100 008b | 7608 48c1 | e603 483b | b720 0100 | 0075 0d48 | 8387 2801 
  0x000001fc0cb343c8: 0000 01e9 | 6600 0000 | 483b b730 | 0100 0075 | 0d48 8387 | 3801 0000 | 01e9 5000 | 0000 4881 
  0x000001fc0cb343e8: bf20 0100 | 0000 0000 | 0075 1748 | 89b7 2001 | 0000 48c7 | 8728 0100 | 0001 0000 | 00e9 2c00 
  0x000001fc0cb34408: 0000 4881 | bf30 0100 | 0000 0000 | 0075 1748 | 89b7 3001 | 0000 48c7 | 8738 0100 | 0001 0000 
  0x000001fc0cb34428: 00e9 0800 | 0000 4883 | 8710 0100 | 0001 498b | f04c 8bc6 | 488b fa48 | 8bd7 0f1f 

  0x000001fc0cb34444: ;   {optimized virtual_call}
  0x000001fc0cb34444: 4400 00e8 

  0x000001fc0cb34448: ; ImmutableOopMap {[80]=Oop [88]=Oop }
                      ;*invokevirtual getClassLoadingLock {reexecute=0 rethrow=0 return_oop=0}
                      ; - java.lang.ClassLoader::loadClass@2
  0x000001fc0cb34448: 14b7 faff | 4889 4424 | 6848 8d94 | 24a0 0000 | 0048 8bf0 | 4889 7208 

  0x000001fc0cb34460: ; implicit exception: dispatches to 0x000001fc0cb34d06
  0x000001fc0cb34460: 488b 0648 | 83c8 0148 | 8902 f048 | 0fb1 160f | 8413 0000 | 0048 2bc4 | 4881 e007 | f0ff ff48 
  0x000001fc0cb34480: 8902 0f85 | 8308 0000 | 488b 5424 

  0x000001fc0cb3448c: ;   {metadata(method data for {method} {0x000001fc1f01d4a8} 'loadClass' '(Ljava/lang/String;Z)Ljava/lang/Class;' in 'java/lang/ClassLoader')}
  0x000001fc0cb3448c: 5048 be98 | ae9b 1ffc | 0100 0048 | 8386 4801 

  0x000001fc0cb3449c: ;   {metadata(method data for {method} {0x000001fc1f01e5d8} 'findLoadedClass' '(Ljava/lang/String;)Ljava/lang/Class;' in 'java/lang/ClassLoader')}
  0x000001fc0cb3449c: 0000 0148 | ba58 117e | 1ffc 0100 | 008b b2cc | 0000 0083 | c602 89b2 | cc00 0000 | 81e6 feff 
  0x000001fc0cb344bc: 1f00 83fe | 000f 8457 

  0x000001fc0cb344c4: ;   {metadata(method data for {method} {0x000001fc1f01e5d8} 'findLoadedClass' '(Ljava/lang/String;)Ljava/lang/Class;' in 'java/lang/ClassLoader')}
  0x000001fc0cb344c4: 0800 0048 | ba58 117e | 1ffc 0100 | 0048 8382 | 1001 0000 | 0148 8b54 

  0x000001fc0cb344dc: ;   {static_call}
  0x000001fc0cb344dc: 2458 90e8 

  0x000001fc0cb344e0: ; ImmutableOopMap {[80]=Oop [88]=Oop [104]=Oop [168]=Oop }
                      ;*invokestatic checkName {reexecute=0 rethrow=0 return_oop=0}
                      ; - java.lang.ClassLoader::findLoadedClass@1
                      ; - java.lang.ClassLoader::loadClass@10
  0x000001fc0cb344e0: 7c90 edff 

  0x000001fc0cb344e4: ;   {metadata(method data for {method} {0x000001fc1f01e5d8} 'findLoadedClass' '(Ljava/lang/String;)Ljava/lang/Class;' in 'java/lang/ClassLoader')}
  0x000001fc0cb344e4: 83f8 0049 | b858 117e | 1ffc 0100 | 0048 ba20 | 0100 0000 | 0000 000f | 850a 0000 | 0048 ba30 
  0x000001fc0cb34504: 0100 0000 | 0000 0049 | 8b34 1048 | 8d76 0149 | 8934 100f | 850f 0000 

  0x000001fc0cb3451c: ;   {oop(NULL)}
  0x000001fc0cb3451c: 0048 be00 | 0000 0000 | 0000 00e9 | 2b00 0000 | 488b 5424 

  0x000001fc0cb34530: ;   {metadata(method data for {method} {0x000001fc1f01e5d8} 'findLoadedClass' '(Ljava/lang/String;)Ljava/lang/Class;' in 'java/lang/ClassLoader')}
  0x000001fc0cb34530: 5049 b858 | 117e 1ffc | 0100 0049 | 8380 4001 | 0000 014c | 8b44 2458 | 488b 5424 

  0x000001fc0cb3454c: ;   {optimized virtual_call}
  0x000001fc0cb3454c: 5066 90e8 

  0x000001fc0cb34550: ; ImmutableOopMap {[80]=Oop [88]=Oop [104]=Oop [168]=Oop }
                      ;*invokevirtual findLoadedClass0 {reexecute=0 rethrow=0 return_oop=0}
                      ; - java.lang.ClassLoader::findLoadedClass@11
                      ; - java.lang.ClassLoader::loadClass@10
  0x000001fc0cb34550: 6436 9707 | 488b f048 

  0x000001fc0cb34558: ;   {metadata(method data for {method} {0x000001fc1f01d4a8} 'loadClass' '(Ljava/lang/String;Z)Ljava/lang/Class;' in 'java/lang/ClassLoader')}
  0x000001fc0cb34558: 83fe 0048 | bf98 ae9b | 1ffc 0100 | 0048 bb80 | 0100 0000 | 0000 000f | 850a 0000 | 0048 bb90 
  0x000001fc0cb34578: 0100 0000 | 0000 0048 | 8b04 1f48 | 8d40 0148 | 8904 1f0f | 857b 0500 | 0048 8974 

  0x000001fc0cb34594: ;   {metadata(method data for {method} {0x000001fc1f01d4a8} 'loadClass' '(Ljava/lang/String;Z)Ljava/lang/Class;' in 'java/lang/ClassLoader')}
  0x000001fc0cb34594: 2470 48bf | 98ae 9b1f | fc01 0000 | 4883 87a0 | 0100 0001 

  0x000001fc0cb345a8: ;   {runtime_call}
  0x000001fc0cb345a8: 49ba 4089 | 7d1d fd7f | 0000 41ff | d248 8944 | 2478 488b | 5424 508b | 7218 4883 

  0x000001fc0cb345c4: ;   {metadata(method data for {method} {0x000001fc1f01d4a8} 'loadClass' '(Ljava/lang/String;Z)Ljava/lang/Class;' in 'java/lang/ClassLoader')}
  0x000001fc0cb345c4: fe00 49b8 | 98ae 9b1f | fc01 0000 | 49b9 b001 | 0000 0000 | 0000 0f84 | 0a00 0000 | 49b9 c001 
  0x000001fc0cb345e4: 0000 0000 | 0000 4b8b | 3c08 488d | 7f01 4b89 | 3c08 0f84 | cd00 0000 

  0x000001fc0cb345fc: ; implicit exception: dispatches to 0x000001fc0cb34d3f
  0x000001fc0cb345fc: 483b 064c 

  0x000001fc0cb34600: ;   {metadata(method data for {method} {0x000001fc1f01d4a8} 'loadClass' '(Ljava/lang/String;Z)Ljava/lang/Class;' in 'java/lang/ClassLoader')}
  0x000001fc0cb34600: 8bc6 49b9 | 98ae 9b1f | fc01 0000 | 458b 4008 | 49c1 e003 | 4d3b 81e0 | 0100 0075 | 0d49 8381 
  0x000001fc0cb34620: e801 0000 | 01e9 6600 | 0000 4d3b | 81f0 0100 | 0075 0d49 | 8381 f801 | 0000 01e9 | 5000 0000 
  0x000001fc0cb34640: 4981 b9e0 | 0100 0000 | 0000 0075 | 174d 8981 | e001 0000 | 49c7 81e8 | 0100 0001 | 0000 00e9 
  0x000001fc0cb34660: 2c00 0000 | 4981 b9f0 | 0100 0000 | 0000 0075 | 174d 8981 | f001 0000 | 49c7 81f8 | 0100 0001 
  0x000001fc0cb34680: 0000 00e9 | 0800 0000 | 4983 81d0 | 0100 0001 | 4c8b 4424 | 5841 b900 | 0000 0048 | 8bd6 0f1f 
  0x000001fc0cb346a0: 8000 0000 | 0048 b830 | 1805 0001 

  0x000001fc0cb346ac: ;   {virtual_call}
  0x000001fc0cb346ac: 0000 00e8 

  0x000001fc0cb346b0: ; ImmutableOopMap {[104]=Oop [88]=Oop [112]=Oop [80]=Oop [168]=Oop }
                      ;*invokevirtual loadClass {reexecute=0 rethrow=0 return_oop=0}
                      ; - java.lang.ClassLoader::loadClass@38
  0x000001fc0cb346b0: 8c44 fdff 

  0x000001fc0cb346b4: ;   {metadata(method data for {method} {0x000001fc1f01d4a8} 'loadClass' '(Ljava/lang/String;Z)Ljava/lang/Class;' in 'java/lang/ClassLoader')}
  0x000001fc0cb346b4: 48ba 98ae | 9b1f fc01 | 0000 ff82 | 0802 0000 | e9c9 0000 

  0x000001fc0cb346c8: ;   {metadata(method data for {method} {0x000001fc1f01d4a8} 'loadClass' '(Ljava/lang/String;Z)Ljava/lang/Class;' in 'java/lang/ClassLoader')}
  0x000001fc0cb346c8: 0048 ba98 | ae9b 1ffc | 0100 0048 | 8382 2002 

  0x000001fc0cb346d8: ;   {metadata(method data for {method} {0x000001fc1f01e498} 'findBootstrapClassOrNull' '(Ljava/lang/String;)Ljava/lang/Class;' in 'java/lang/ClassLoader')}
  0x000001fc0cb346d8: 0000 0148 | ba08 fa9a | 1ffc 0100 | 008b b2cc | 0000 0083 | c602 89b2 | cc00 0000 | 81e6 feff 
  0x000001fc0cb346f8: 1f00 83fe | 000f 8441 

  0x000001fc0cb34700: ;   {metadata(method data for {method} {0x000001fc1f01e498} 'findBootstrapClassOrNull' '(Ljava/lang/String;)Ljava/lang/Class;' in 'java/lang/ClassLoader')}
  0x000001fc0cb34700: 0600 0048 | ba08 fa9a | 1ffc 0100 | 0048 8382 | 1001 0000 | 0148 8b54 | 2458 0f1f 

  0x000001fc0cb3471c: ;   {static_call}
  0x000001fc0cb3471c: 4400 00e8 

  0x000001fc0cb34720: ; ImmutableOopMap {[104]=Oop [88]=Oop [112]=Oop [80]=Oop [168]=Oop }
                      ;*invokestatic checkName {reexecute=0 rethrow=0 return_oop=0}
                      ; - java.lang.ClassLoader::findBootstrapClassOrNull@1
                      ; - java.lang.ClassLoader::loadClass@47
  0x000001fc0cb34720: 5ccf 3e07 

  0x000001fc0cb34724: ;   {metadata(method data for {method} {0x000001fc1f01e498} 'findBootstrapClassOrNull' '(Ljava/lang/String;)Ljava/lang/Class;' in 'java/lang/ClassLoader')}
  0x000001fc0cb34724: 83f8 0048 | ba08 fa9a | 1ffc 0100 | 0048 be20 | 0100 0000 | 0000 000f | 850a 0000 | 0048 be30 
  0x000001fc0cb34744: 0100 0000 | 0000 0048 | 8b3c 3248 | 8d7f 0148 | 893c 320f | 850f 0000 

  0x000001fc0cb3475c: ;   {oop(NULL)}
  0x000001fc0cb3475c: 0048 be00 | 0000 0000 | 0000 00e9 | 2300 0000 

  0x000001fc0cb3476c: ;   {metadata(method data for {method} {0x000001fc1f01e498} 'findBootstrapClassOrNull' '(Ljava/lang/String;)Ljava/lang/Class;' in 'java/lang/ClassLoader')}
  0x000001fc0cb3476c: 48ba 08fa | 9a1f fc01 | 0000 4883 | 8240 0100 | 0001 488b | 5424 580f 

  0x000001fc0cb34784: ;   {static_call}
  0x000001fc0cb34784: 1f40 00e8 

  0x000001fc0cb34788: ; ImmutableOopMap {[104]=Oop [88]=Oop [80]=Oop [112]=Oop [168]=Oop }
                      ;*invokestatic findBootstrapClass {reexecute=0 rethrow=0 return_oop=0}
                      ; - java.lang.ClassLoader::findBootstrapClassOrNull@10
                      ; - java.lang.ClassLoader::loadClass@47
  0x000001fc0cb34788: f4ce 3e07 | 488b f048 

  0x000001fc0cb34790: ;   {metadata(method data for {method} {0x000001fc1f01d4a8} 'loadClass' '(Ljava/lang/String;Z)Ljava/lang/Class;' in 'java/lang/ClassLoader')}
  0x000001fc0cb34790: 8bc6 48be | 98ae 9b1f | fc01 0000 | ff86 3002 | 0000 e91e | 0000 0049 | 8b87 e003 | 0000 4d33 
  0x000001fc0cb347b0: d24d 8997 | e003 0000 | 4d33 d24d | 8997 e803 | 0000 488b | c648 83f8 

  0x000001fc0cb347c8: ;   {metadata(method data for {method} {0x000001fc1f01d4a8} 'loadClass' '(Ljava/lang/String;Z)Ljava/lang/Class;' in 'java/lang/ClassLoader')}
  0x000001fc0cb347c8: 0048 be98 | ae9b 1ffc | 0100 0048 | bf58 0200 | 0000 0000 | 000f 840a | 0000 0048 | bf48 0200 
  0x000001fc0cb347e8: 0000 0000 | 0048 8b1c | 3e48 8d5b | 0148 891c | 3e0f 8408 | 0000 0048 | 8bf0 e905 

  0x000001fc0cb34804: ;   {metadata(method data for {method} {0x000001fc1f01d4a8} 'loadClass' '(Ljava/lang/String;Z)Ljava/lang/Class;' in 'java/lang/ClassLoader')}
  0x000001fc0cb34804: 0300 0048 | be98 ae9b | 1ffc 0100 | 0048 8386 | 6802 0000 

  0x000001fc0cb34818: ;   {runtime_call}
  0x000001fc0cb34818: 0149 ba40 | 897d 1dfd | 7f00 0041 | ffd2 488b 

  0x000001fc0cb34828: ;   {metadata(method data for {method} {0x000001fc1f01d4a8} 'loadClass' '(Ljava/lang/String;Z)Ljava/lang/Class;' in 'java/lang/ClassLoader')}
  0x000001fc0cb34828: 5424 5049 | b898 ae9b | 1ffc 0100 | 008b 5208 | 48c1 e203 | 493b 9088 | 0200 0075 | 0d49 8380 
  0x000001fc0cb34848: 9002 0000 | 01e9 6600 | 0000 493b | 9098 0200 | 0075 0d49 | 8380 a002 | 0000 01e9 | 5000 0000 
  0x000001fc0cb34868: 4981 b888 | 0200 0000 | 0000 0075 | 1749 8990 | 8802 0000 | 49c7 8090 | 0200 0001 | 0000 00e9 
  0x000001fc0cb34888: 2c00 0000 | 4981 b898 | 0200 0000 | 0000 0075 | 1749 8990 | 9802 0000 | 49c7 80a0 | 0200 0001 
  0x000001fc0cb348a8: 0000 00e9 | 0800 0000 | 4983 8078 | 0200 0001 | 4c8b 4424 | 5848 8b54 | 2450 4889 | 8424 8000 
  0x000001fc0cb348c8: 0000 6666 | 9048 b8f0 | 3923 25fc 

  0x000001fc0cb348d4: ;   {virtual_call}
  0x000001fc0cb348d4: 0100 00e8 

  0x000001fc0cb348d8: ; ImmutableOopMap {[104]=Oop [80]=Oop [168]=Oop }
                      ;*invokevirtual findClass {reexecute=0 rethrow=0 return_oop=0}
                      ; - java.lang.ClassLoader::loadClass@69
  0x000001fc0cb348d8: 4c1a 3f07 

  0x000001fc0cb348dc: ;   {metadata(method data for {method} {0x000001fc1f01d4a8} 'loadClass' '(Ljava/lang/String;Z)Ljava/lang/Class;' in 'java/lang/ClassLoader')}
  0x000001fc0cb348dc: 49b8 98ae | 9b1f fc01 | 0000 4983 | 80b0 0200 

  0x000001fc0cb348ec: ;   {metadata(method data for {method} {0x000001fc1f58cd68} 'getParentDelegationTime' '()Ljdk/internal/perf/PerfCounter;' in 'jdk/internal/perf/PerfCounter')}
  0x000001fc0cb348ec: 0001 49b8 | c8b2 9b1f | fc01 0000 | 418b 90cc | 0000 0083 | c202 4189 | 90cc 0000 | 0081 e2fe 
  0x000001fc0cb3490c: ff1f 0083 | fa00 0f84 | 4d04 0000 

  0x000001fc0cb34918: ;   {oop(a 'jdk/internal/perf/PerfCounter'{0x00000000ec537e98})}
  0x000001fc0cb34918: 48ba 987e | 53ec 0000 | 0000 4c8b 

  0x000001fc0cb34924: ;   {metadata(method data for {method} {0x000001fc1f01d4a8} 'loadClass' '(Ljava/lang/String;Z)Ljava/lang/Class;' in 'java/lang/ClassLoader')}
  0x000001fc0cb34924: c248 be98 | ae9b 1ffc 

  0x000001fc0cb3492c: ;   {metadata('jdk/internal/perf/PerfCounter')}
  0x000001fc0cb3492c: 0100 0049 | ba78 6000 | 0001 0000 | 004c 8996 | d002 0000 | 4883 86d8 | 0200 0001 | 4c8b 8424 
  0x000001fc0cb3494c: 8000 0000 | 488b 7424 | 784c 2bc6 

  0x000001fc0cb34958: ;   {metadata(method data for {method} {0x000001fc1f58c9e8} 'addTime' '(J)V' in 'jdk/internal/perf/PerfCounter')}
  0x000001fc0cb34958: 48be f0b3 | 9b1f fc01 | 0000 8bbe | cc00 0000 | 83c7 0289 | becc 0000 | 0081 e7fe | ff1f 0083 
  0x000001fc0cb34978: ff00 0f84 | 0604 0000 

  0x000001fc0cb34980: ;   {metadata(method data for {method} {0x000001fc1f58c9e8} 'addTime' '(J)V' in 'jdk/internal/perf/PerfCounter')}
  0x000001fc0cb34980: 488b f248 | bff0 b39b | 1ffc 0100 

  0x000001fc0cb3498c: ;   {metadata('jdk/internal/perf/PerfCounter')}
  0x000001fc0cb3498c: 0049 ba78 | 6000 0001 | 0000 004c | 8997 2001 | 0000 4883 | 8728 0100 | 0001 4889 | 8424 8800 
  0x000001fc0cb349ac: ;   {optimized virtual_call}
  0x000001fc0cb349ac: 0000 90e8 

  0x000001fc0cb349b0: ; ImmutableOopMap {[104]=Oop [80]=Oop [136]=Oop [168]=Oop }
                      ;*invokevirtual add {reexecute=0 rethrow=0 return_oop=0}
                      ; - jdk.internal.perf.PerfCounter::addTime@2
                      ; - java.lang.ClassLoader::loadClass@82
  0x000001fc0cb349b0: 4c83 feff 

  0x000001fc0cb349b4: ;   {metadata(method data for {method} {0x000001fc1f01d4a8} 'loadClass' '(Ljava/lang/String;Z)Ljava/lang/Class;' in 'java/lang/ClassLoader')}
  0x000001fc0cb349b4: 49b8 98ae | 9b1f fc01 | 0000 4983 | 80f8 0200 

  0x000001fc0cb349c4: ;   {metadata(method data for {method} {0x000001fc1f58cc48} 'getFindClassTime' '()Ljdk/internal/perf/PerfCounter;' in 'jdk/internal/perf/PerfCounter')}
  0x000001fc0cb349c4: 0001 49b8 | 88b5 9b1f | fc01 0000 | 418b 90cc | 0000 0083 | c202 4189 | 90cc 0000 | 0081 e2fe 
  0x000001fc0cb349e4: ff1f 0083 | fa00 0f84 | b703 0000 

  0x000001fc0cb349f0: ;   {oop(a 'jdk/internal/perf/PerfCounter'{0x00000000ec537d78})}
  0x000001fc0cb349f0: 48ba 787d | 53ec 0000 | 0000 4c8b 

  0x000001fc0cb349fc: ;   {metadata(method data for {method} {0x000001fc1f01d4a8} 'loadClass' '(Ljava/lang/String;Z)Ljava/lang/Class;' in 'java/lang/ClassLoader')}
  0x000001fc0cb349fc: c248 be98 | ae9b 1ffc 

  0x000001fc0cb34a04: ;   {metadata('jdk/internal/perf/PerfCounter')}
  0x000001fc0cb34a04: 0100 0049 | ba78 6000 | 0001 0000 | 004c 8996 | 1803 0000 | 4883 8620 | 0300 0001 | 4c8b 8424 
  0x000001fc0cb34a24: 8000 0000 | 0f1f 8000 

  0x000001fc0cb34a2c: ;   {optimized virtual_call}
  0x000001fc0cb34a2c: 0000 00e8 

  0x000001fc0cb34a30: ; ImmutableOopMap {[104]=Oop [80]=Oop [136]=Oop [168]=Oop }
                      ;*invokevirtual addElapsedTimeFrom {reexecute=0 rethrow=0 return_oop=0}
                      ; - java.lang.ClassLoader::loadClass@90
  0x000001fc0cb34a30: 2caf 0300 

  0x000001fc0cb34a34: ;   {metadata(method data for {method} {0x000001fc1f01d4a8} 'loadClass' '(Ljava/lang/String;Z)Ljava/lang/Class;' in 'java/lang/ClassLoader')}
  0x000001fc0cb34a34: 49b8 98ae | 9b1f fc01 | 0000 4983 | 8040 0300 

  0x000001fc0cb34a44: ;   {metadata(method data for {method} {0x000001fc1f58cbb8} 'getFindClasses' '()Ljdk/internal/perf/PerfCounter;' in 'jdk/internal/perf/PerfCounter')}
  0x000001fc0cb34a44: 0001 49b8 | 58b8 9b1f | fc01 0000 | 418b 90cc | 0000 0083 | c202 4189 | 90cc 0000 | 0081 e2fe 
  0x000001fc0cb34a64: ff1f 0083 | fa00 0f84 | 5803 0000 

  0x000001fc0cb34a70: ;   {oop(a 'jdk/internal/perf/PerfCounter'{0x00000000ec537e08})}
  0x000001fc0cb34a70: 48ba 087e | 53ec 0000 | 0000 4c8b 

  0x000001fc0cb34a7c: ;   {metadata(method data for {method} {0x000001fc1f01d4a8} 'loadClass' '(Ljava/lang/String;Z)Ljava/lang/Class;' in 'java/lang/ClassLoader')}
  0x000001fc0cb34a7c: c248 be98 | ae9b 1ffc 

  0x000001fc0cb34a84: ;   {metadata('jdk/internal/perf/PerfCounter')}
  0x000001fc0cb34a84: 0100 0049 | ba78 6000 | 0001 0000 | 004c 8996 | 6003 0000 | 4883 8668 | 0300 0001 

  0x000001fc0cb34aa0: ;   {metadata(method data for {method} {0x000001fc1f58c958} 'increment' '()V' in 'jdk/internal/perf/PerfCounter')}
  0x000001fc0cb34aa0: 49b8 80b9 | 9b1f fc01 | 0000 418b | b0cc 0000 | 0083 c602 | 4189 b0cc | 0000 0081 | e6fe ff1f 
  0x000001fc0cb34ac0: 0083 fe00 | 0f84 1f03 | 0000 4c8b 

  0x000001fc0cb34acc: ;   {metadata(method data for {method} {0x000001fc1f58c958} 'increment' '()V' in 'jdk/internal/perf/PerfCounter')}
  0x000001fc0cb34acc: c248 be80 | b99b 1ffc 

  0x000001fc0cb34ad4: ;   {metadata('jdk/internal/perf/PerfCounter')}
  0x000001fc0cb34ad4: 0100 0049 | ba78 6000 | 0001 0000 | 004c 8996 | 2001 0000 | 4883 8628 | 0100 0001 | 49b8 0100 
  0x000001fc0cb34af4: 0000 0000 | 0000 0f1f 

  0x000001fc0cb34afc: ;   {optimized virtual_call}
  0x000001fc0cb34afc: 4400 00e8 

  0x000001fc0cb34b00: ; ImmutableOopMap {[104]=Oop [80]=Oop [136]=Oop [168]=Oop }
                      ;*invokevirtual add {reexecute=0 rethrow=0 return_oop=0}
                      ; - jdk.internal.perf.PerfCounter::increment@2
                      ; - java.lang.ClassLoader::loadClass@96
  0x000001fc0cb34b00: fc81 feff | 488b b424 | 8800 0000 | 448b 4c24 | 6041 83f9 

  0x000001fc0cb34b14: ;   {metadata(method data for {method} {0x000001fc1f01d4a8} 'loadClass' '(Ljava/lang/String;Z)Ljava/lang/Class;' in 'java/lang/ClassLoader')}
  0x000001fc0cb34b14: 0048 b898 | ae9b 1ffc | 0100 0048 | ba88 0300 | 0000 0000 | 000f 840a | 0000 0048 | ba98 0300 
  0x000001fc0cb34b34: 0000 0000 | 0048 8b3c | 1048 8d7f | 0148 893c | 100f 8479 | 0000 0048 | 8b54 2450 

  0x000001fc0cb34b50: ;   {metadata(method data for {method} {0x000001fc1f01d4a8} 'loadClass' '(Ljava/lang/String;Z)Ljava/lang/Class;' in 'java/lang/ClassLoader')}
  0x000001fc0cb34b50: 48b8 98ae | 9b1f fc01 | 0000 4883 | 80a8 0300 

  0x000001fc0cb34b60: ;   {metadata(method data for {method} {0x000001fc1f01e368} 'resolveClass' '(Ljava/lang/Class;)V' in 'java/lang/ClassLoader')}
  0x000001fc0cb34b60: 0001 48b8 | 502f 9a1f | fc01 0000 | 8b90 cc00 | 0000 83c2 | 0289 90cc | 0000 0081 | e2fe ff1f 
  0x000001fc0cb34b80: 0083 fa00 | 0f84 8002 | 0000 4883 

  0x000001fc0cb34b8c: ;   {metadata(method data for {method} {0x000001fc1f01e368} 'resolveClass' '(Ljava/lang/Class;)V' in 'java/lang/ClassLoader')}
  0x000001fc0cb34b8c: fe00 48b8 | 502f 9a1f | fc01 0000 | 48ba 2001 | 0000 0000 | 0000 0f84 | 0a00 0000 | 48ba 1001 
  0x000001fc0cb34bac: 0000 0000 | 0000 488b | 3c10 488d | 7f01 4889 | 3c10 0f84 | 3c00 0000 | 488d 8424 | a000 0000 
  0x000001fc0cb34bcc: 488b 1048 | 85d2 0f84 | 0f00 0000 | 488b 7808 | f048 0fb1 | 170f 8544 | 0200 0048 | 8bc6 4881 
  0x000001fc0cb34bec: c4c0 0000 

  0x000001fc0cb34bf0: ;   {poll_return}
  0x000001fc0cb34bf0: 005d 493b | a750 0300 | 000f 8742 | 0200 00c3 | 4889 b424 | 9800 0000 

  0x000001fc0cb34c08: ;   {no_reloc}
  0x000001fc0cb34c08: e959 0200 | 0000 0000 | 0000 498b | 8708 0100 | 0048 8d78 | 3049 3bbf | 1801 0000 | 0f87 4602 
  0x000001fc0cb34c28: 0000 4989 | bf08 0100 | 0048 c700 | 0100 0000 | 488b ca48 | c1e9 0389 | 4808 4833 | c989 480c 
  0x000001fc0cb34c48: 4833 c948 | 8948 1048 | 8948 1848 | 8948 2048 | 8948 2848 

  0x000001fc0cb34c5c: ;   {metadata(method data for {method} {0x000001fc1f01e368} 'resolveClass' '(Ljava/lang/Class;)V' in 'java/lang/ClassLoader')}
  0x000001fc0cb34c5c: 8bd0 48be | 502f 9a1f | fc01 0000 | 4883 8630 | 0100 0001 | 488b d048 | 8984 2490 | 0000 000f 
  0x000001fc0cb34c7c: ;   {optimized virtual_call}
  0x000001fc0cb34c7c: 1f40 00e8 

  0x000001fc0cb34c80: ; ImmutableOopMap {[104]=Oop [144]=Oop [152]=Oop [168]=Oop }
                      ;*invokespecial <init> {reexecute=0 rethrow=0 return_oop=0}
                      ; - java.lang.ClassLoader::resolveClass@8
                      ; - java.lang.ClassLoader::loadClass@106
  0x000001fc0cb34c80: fcc3 3e07 | 488b 8424 

  0x000001fc0cb34c88: ; ImmutableOopMap {[104]=Oop [152]=Oop [168]=Oop rax=Oop }
                      ;*athrow {reexecute=1 rethrow=0 return_oop=0}
                      ; - (reexecute) java.lang.ClassLoader::resolveClass@11
                      ; - java.lang.ClassLoader::loadClass@106
  0x000001fc0cb34c88: 9000 0000 

  0x000001fc0cb34c8c: ;   {section_word}
  0x000001fc0cb34c8c: 48ba 8c4c | b30c fc01 

  0x000001fc0cb34c94: ;   {runtime_call handle_exception_nofpu Runtime1 stub}
  0x000001fc0cb34c94: 0000 e8e5 | 2f40 0790 | 498b 87e0 | 0300 004d | 33d2 4d89 | 97e0 0300 | 004d 33d2 | 4d89 97e8 
  0x000001fc0cb34cb4: 0300 0048 | 8bf0 488d | 8424 a000 | 0000 488b | 3848 85ff | 0f84 0f00 | 0000 488b | 5808 f048 
  0x000001fc0cb34cd4: 0fb1 3b0f | 85a0 0100 | 0048 8bc6 | e9f5 0100 

  0x000001fc0cb34ce4: ;   {metadata({method} {0x000001fc1f01d4a8} 'loadClass' '(Ljava/lang/String;Z)Ljava/lang/Class;' in 'java/lang/ClassLoader')}
  0x000001fc0cb34ce4: 0049 baa0 | d401 1ffc | 0100 004c | 8954 2408 | 48c7 0424 | ffff ffff 

  0x000001fc0cb34cfc: ;   {runtime_call counter_overflow Runtime1 stub}
  0x000001fc0cb34cfc: e8ff 7749 

  0x000001fc0cb34d00: ; ImmutableOopMap {rdx=Oop [80]=Oop r8=Oop [88]=Oop }
                      ;*synchronization entry
                      ; - java.lang.ClassLoader::loadClass@-1
  0x000001fc0cb34d00: 07e9 9bf6 

  0x000001fc0cb34d04: ;   {runtime_call throw_null_pointer_exception Runtime1 stub}
  0x000001fc0cb34d04: ffff e895 

  0x000001fc0cb34d08: ; ImmutableOopMap {[80]=Oop [88]=Oop rsi=Oop [104]=Oop }
                      ;*monitorenter {reexecute=0 rethrow=0 return_oop=0}
                      ; - java.lang.ClassLoader::loadClass@7
  0x000001fc0cb34d08: 4740 0748 | 8974 2408 | 4889 1424 

  0x000001fc0cb34d14: ;   {runtime_call monitorenter_nofpu Runtime1 stub}
  0x000001fc0cb34d14: e8e7 5649 

  0x000001fc0cb34d18: ; ImmutableOopMap {[80]=Oop [88]=Oop rsi=Oop [104]=Oop [168]=Oop }
                      ;*monitorenter {reexecute=0 rethrow=0 return_oop=0}
                      ; - java.lang.ClassLoader::loadClass@7
  0x000001fc0cb34d18: 07e9 6af7 

  0x000001fc0cb34d1c: ;   {metadata({method} {0x000001fc1f01e5d8} 'findLoadedClass' '(Ljava/lang/String;)Ljava/lang/Class;' in 'java/lang/ClassLoader')}
  0x000001fc0cb34d1c: ffff 49ba | d0e5 011f | fc01 0000 | 4c89 5424 | 0848 c704 | 24ff ffff 

  0x000001fc0cb34d34: ;   {runtime_call counter_overflow Runtime1 stub}
  0x000001fc0cb34d34: ffe8 c677 

  0x000001fc0cb34d38: ; ImmutableOopMap {[80]=Oop [88]=Oop [104]=Oop [168]=Oop }
                      ;*synchronization entry
                      ; - java.lang.ClassLoader::findLoadedClass@-1
                      ; - java.lang.ClassLoader::loadClass@10
  0x000001fc0cb34d38: 4907 e988 

  0x000001fc0cb34d3c: ;   {runtime_call throw_null_pointer_exception Runtime1 stub}
  0x000001fc0cb34d3c: f7ff ffe8 

  0x000001fc0cb34d40: ; ImmutableOopMap {[104]=Oop [88]=Oop [112]=Oop rsi=Oop [80]=Oop [168]=Oop }
                      ;*invokevirtual loadClass {reexecute=0 rethrow=0 return_oop=0}
                      ; - java.lang.ClassLoader::loadClass@38
  0x000001fc0cb34d40: 5c47 4007 

  0x000001fc0cb34d44: ;   {metadata({method} {0x000001fc1f01e498} 'findBootstrapClassOrNull' '(Ljava/lang/String;)Ljava/lang/Class;' in 'java/lang/ClassLoader')}
  0x000001fc0cb34d44: 49ba 90e4 | 011f fc01 | 0000 4c89 | 5424 0848 | c704 24ff 

  0x000001fc0cb34d58: ;   {runtime_call counter_overflow Runtime1 stub}
  0x000001fc0cb34d58: ffff ffe8 

  0x000001fc0cb34d5c: ; ImmutableOopMap {[104]=Oop [88]=Oop [112]=Oop [80]=Oop [168]=Oop }
                      ;*synchronization entry
                      ; - java.lang.ClassLoader::findBootstrapClassOrNull@-1
                      ; - java.lang.ClassLoader::loadClass@47
  0x000001fc0cb34d5c: a077 4907 | e99e f9ff 

  0x000001fc0cb34d64: ;   {metadata({method} {0x000001fc1f58cd68} 'getParentDelegationTime' '()Ljdk/internal/perf/PerfCounter;' in 'jdk/internal/perf/PerfCounter')}
  0x000001fc0cb34d64: ff49 ba60 | cd58 1ffc | 0100 004c | 8954 2408 | 48c7 0424 | ffff ffff 

  0x000001fc0cb34d7c: ;   {runtime_call counter_overflow Runtime1 stub}
  0x000001fc0cb34d7c: e87f 7749 

  0x000001fc0cb34d80: ; ImmutableOopMap {[104]=Oop [80]=Oop rax=Oop [168]=Oop }
                      ;*synchronization entry
                      ; - jdk.internal.perf.PerfCounter::getParentDelegationTime@-1
                      ; - java.lang.ClassLoader::loadClass@74
  0x000001fc0cb34d80: 07e9 92fb 

  0x000001fc0cb34d84: ;   {metadata({method} {0x000001fc1f58c9e8} 'addTime' '(J)V' in 'jdk/internal/perf/PerfCounter')}
  0x000001fc0cb34d84: ffff 49ba | e0c9 581f | fc01 0000 | 4c89 5424 | 0848 c704 | 24ff ffff 

  0x000001fc0cb34d9c: ;   {runtime_call counter_overflow Runtime1 stub}
  0x000001fc0cb34d9c: ffe8 5e77 

  0x000001fc0cb34da0: ; ImmutableOopMap {[104]=Oop [80]=Oop rax=Oop rdx=Oop [168]=Oop }
                      ;*synchronization entry
                      ; - jdk.internal.perf.PerfCounter::addTime@-1
                      ; - java.lang.ClassLoader::loadClass@82
  0x000001fc0cb34da0: 4907 e9d9 

  0x000001fc0cb34da4: ;   {metadata({method} {0x000001fc1f58cc48} 'getFindClassTime' '()Ljdk/internal/perf/PerfCounter;' in 'jdk/internal/perf/PerfCounter')}
  0x000001fc0cb34da4: fbff ff49 | ba40 cc58 | 1ffc 0100 | 004c 8954 | 2408 48c7 | 0424 ffff 

  0x000001fc0cb34dbc: ;   {runtime_call counter_overflow Runtime1 stub}
  0x000001fc0cb34dbc: ffff e83d 

  0x000001fc0cb34dc0: ; ImmutableOopMap {[104]=Oop [80]=Oop [136]=Oop [168]=Oop }
                      ;*synchronization entry
                      ; - jdk.internal.perf.PerfCounter::getFindClassTime@-1
                      ; - java.lang.ClassLoader::loadClass@85
  0x000001fc0cb34dc0: 7749 07e9 | 28fc ffff 

  0x000001fc0cb34dc8: ;   {metadata({method} {0x000001fc1f58cbb8} 'getFindClasses' '()Ljdk/internal/perf/PerfCounter;' in 'jdk/internal/perf/PerfCounter')}
  0x000001fc0cb34dc8: 49ba b0cb | 581f fc01 | 0000 4c89 | 5424 0848 | c704 24ff 

  0x000001fc0cb34ddc: ;   {runtime_call counter_overflow Runtime1 stub}
  0x000001fc0cb34ddc: ffff ffe8 

  0x000001fc0cb34de0: ; ImmutableOopMap {[104]=Oop [80]=Oop [136]=Oop [168]=Oop }
                      ;*synchronization entry
                      ; - jdk.internal.perf.PerfCounter::getFindClasses@-1
                      ; - java.lang.ClassLoader::loadClass@93
  0x000001fc0cb34de0: 1c77 4907 | e987 fcff 

  0x000001fc0cb34de8: ;   {metadata({method} {0x000001fc1f58c958} 'increment' '()V' in 'jdk/internal/perf/PerfCounter')}
  0x000001fc0cb34de8: ff49 ba50 | c958 1ffc | 0100 004c | 8954 2408 | 48c7 0424 | ffff ffff 

  0x000001fc0cb34e00: ;   {runtime_call counter_overflow Runtime1 stub}
  0x000001fc0cb34e00: e8fb 7649 

  0x000001fc0cb34e04: ; ImmutableOopMap {[104]=Oop [80]=Oop [136]=Oop rdx=Oop [168]=Oop }
                      ;*synchronization entry
                      ; - jdk.internal.perf.PerfCounter::increment@-1
                      ; - java.lang.ClassLoader::loadClass@96
  0x000001fc0cb34e04: 07e9 c0fc 

  0x000001fc0cb34e08: ;   {metadata({method} {0x000001fc1f01e368} 'resolveClass' '(Ljava/lang/Class;)V' in 'java/lang/ClassLoader')}
  0x000001fc0cb34e08: ffff 49ba | 60e3 011f | fc01 0000 | 4c89 5424 | 0848 c704 | 24ff ffff 

  0x000001fc0cb34e20: ;   {runtime_call counter_overflow Runtime1 stub}
  0x000001fc0cb34e20: ffe8 da76 

  0x000001fc0cb34e24: ; ImmutableOopMap {rsi=Oop [104]=Oop [168]=Oop }
                      ;*synchronization entry
                      ; - java.lang.ClassLoader::resolveClass@-1
                      ; - java.lang.ClassLoader::loadClass@106
  0x000001fc0cb34e24: 4907 e95f | fdff ff48 | 8d84 24a0 | 0000 0048 

  0x000001fc0cb34e34: ;   {runtime_call monitorexit_nofpu Runtime1 stub}
  0x000001fc0cb34e34: 8904 24e8 | c45b 4907 | e9a6 fdff 

  0x000001fc0cb34e40: ;   {internal_word}
  0x000001fc0cb34e40: ff49 baf2 | 4bb3 0cfc | 0100 004d | 8997 6803 

  0x000001fc0cb34e50: ;   {runtime_call SafepointBlob}
  0x000001fc0cb34e50: 0000 e9a9 

  0x000001fc0cb34e54: ;   {metadata(NULL)}
  0x000001fc0cb34e54: 283f 0748 | ba00 0000 | 0000 0000 | 00b8 000f 

  0x000001fc0cb34e64: ;   {runtime_call load_klass_patching Runtime1 stub}
  0x000001fc0cb34e64: 050a e815 

  0x000001fc0cb34e68: ; ImmutableOopMap {[152]=Oop [104]=Oop [168]=Oop }
                      ;*new {reexecute=1 rethrow=0 return_oop=0}
                      ; - (reexecute) java.lang.ClassLoader::resolveClass@4
                      ; - java.lang.ClassLoader::loadClass@106
  0x000001fc0cb34e68: 6649 07e9 | 98fd ffff 

  0x000001fc0cb34e70: ;   {runtime_call fast_new_instance Runtime1 stub}
  0x000001fc0cb34e70: 488b d2e8 

  0x000001fc0cb34e74: ; ImmutableOopMap {[152]=Oop [104]=Oop [168]=Oop }
                      ;*new {reexecute=0 rethrow=0 return_oop=0}
                      ; - java.lang.ClassLoader::resolveClass@4
                      ; - java.lang.ClassLoader::loadClass@106
  0x000001fc0cb34e74: 083d 4007 | e9de fdff | ff48 8d84 | 24a0 0000 | 0048 8904 

  0x000001fc0cb34e88: ;   {runtime_call monitorexit_nofpu Runtime1 stub}
  0x000001fc0cb34e88: 24e8 725b | 4907 e94a | feff ff48 | 8b74 2470 | e90a f9ff | ff48 8b74 | 2470 e900 | f9ff ff48 
  0x000001fc0cb34ea8: 8b74 2470 | e9f6 f8ff | ff48 8b74 | 2470 e9ec | f8ff ff90 | 9049 8b87 | e003 0000 | 49c7 87e0 
  0x000001fc0cb34ec8: 0300 0000 | 0000 0049 | c787 e803 | 0000 0000 | 0000 4881 | c4c0 0000 

  0x000001fc0cb34ee0: ;   {runtime_call unwind_exception Runtime1 stub}
  0x000001fc0cb34ee0: 005d e999 | 5440 07f4 | f4f4 f4f4 | f4f4 f4f4 | f4f4 f4f4 | f4f4 f4f4 | f4f4 f4f4 | f4f4 f4f4 
[Stub Code]
  0x000001fc0cb34f00: ;   {no_reloc}
  0x000001fc0cb34f00: 0f1f 4400 

  0x000001fc0cb34f04: ;   {static_stub}
  0x000001fc0cb34f04: 0048 bb00 | 0000 0000 

  0x000001fc0cb34f0c: ;   {runtime_call}
  0x000001fc0cb34f0c: 0000 00e9 | fbff ffff 

  0x000001fc0cb34f14: ;   {static_stub}
  0x000001fc0cb34f14: 9048 bb00 | 0000 0000 

  0x000001fc0cb34f1c: ;   {runtime_call}
  0x000001fc0cb34f1c: 0000 00e9 | fbff ffff 

  0x000001fc0cb34f24: ;   {static_stub}
  0x000001fc0cb34f24: 9048 bb00 | 0000 0000 

  0x000001fc0cb34f2c: ;   {runtime_call}
  0x000001fc0cb34f2c: 0000 00e9 | fbff ffff 

  0x000001fc0cb34f34: ;   {static_stub}
  0x000001fc0cb34f34: 9048 bb00 | 0000 0000 

  0x000001fc0cb34f3c: ;   {runtime_call}
  0x000001fc0cb34f3c: 0000 00e9 | fbff ffff 

  0x000001fc0cb34f44: ;   {static_stub}
  0x000001fc0cb34f44: 9048 bb00 | 0000 0000 

  0x000001fc0cb34f4c: ;   {runtime_call}
  0x000001fc0cb34f4c: 0000 00e9 | fbff ffff 

  0x000001fc0cb34f54: ;   {static_stub}
  0x000001fc0cb34f54: 9048 bb00 | 0000 0000 

  0x000001fc0cb34f5c: ;   {runtime_call}
  0x000001fc0cb34f5c: 0000 00e9 | fbff ffff 

  0x000001fc0cb34f64: ;   {static_stub}
  0x000001fc0cb34f64: 9048 bb00 | 0000 0000 

  0x000001fc0cb34f6c: ;   {runtime_call}
  0x000001fc0cb34f6c: 0000 00e9 | fbff ffff 

  0x000001fc0cb34f74: ;   {static_stub}
  0x000001fc0cb34f74: 9048 bb00 | 0000 0000 

  0x000001fc0cb34f7c: ;   {runtime_call}
  0x000001fc0cb34f7c: 0000 00e9 | fbff ffff 

  0x000001fc0cb34f84: ;   {static_stub}
  0x000001fc0cb34f84: 9048 bb78 | ca58 1ffc 

  0x000001fc0cb34f8c: ;   {runtime_call I2C/C2I adapters}
  0x000001fc0cb34f8c: 0100 00e9 | 4033 3f07 

  0x000001fc0cb34f94: ;   {static_stub}
  0x000001fc0cb34f94: 9048 bb00 | 0000 0000 

  0x000001fc0cb34f9c: ;   {runtime_call}
  0x000001fc0cb34f9c: 0000 00e9 | fbff ffff 

  0x000001fc0cb34fa4: ;   {static_stub}
  0x000001fc0cb34fa4: 9048 bb00 | 0000 0000 

  0x000001fc0cb34fac: ;   {runtime_call}
  0x000001fc0cb34fac: 0000 00e9 | fbff ffff 
[Exception Handler]
  0x000001fc0cb34fb4: ;   {runtime_call handle_exception_from_callee Runtime1 stub}
  0x000001fc0cb34fb4: e8c7 2640 

  0x000001fc0cb34fb8: ;   {external_word}
  0x000001fc0cb34fb8: 0748 b930 | 9aa8 1dfd | 7f00 0048 

  0x000001fc0cb34fc4: ;   {runtime_call}
  0x000001fc0cb34fc4: 83e4 f049 | ba40 2b71 | 1dfd 7f00 | 0041 ffd2 

  0x000001fc0cb34fd4: ;   {section_word}
  0x000001fc0cb34fd4: f449 bad5 | 4fb3 0cfc | 0100 0041 

  0x000001fc0cb34fe0: ;   {runtime_call DeoptimizationBlob}
  0x000001fc0cb34fe0: 52e9 ba19 | 3f07 f4f4 
[/MachCode]


Compiled method (c1)    1030  788       3       java.lang.ClassLoader::loadClass (7 bytes)
 total in heap  [0x000001fc0caf3990,0x000001fc0caf3d70] = 992
 relocation     [0x000001fc0caf3ae8,0x000001fc0caf3b28] = 64
 main code      [0x000001fc0caf3b40,0x000001fc0caf3cc0] = 384
 stub code      [0x000001fc0caf3cc0,0x000001fc0caf3d08] = 72
 metadata       [0x000001fc0caf3d08,0x000001fc0caf3d10] = 8
 scopes data    [0x000001fc0caf3d10,0x000001fc0caf3d28] = 24
 scopes pcs     [0x000001fc0caf3d28,0x000001fc0caf3d68] = 64
 dependencies   [0x000001fc0caf3d68,0x000001fc0caf3d70] = 8

[Constant Pool (empty)]

[MachCode]
[Entry Point]
  # {method} {0x000001fc1f01d380} 'loadClass' '(Ljava/lang/String;)Ljava/lang/Class;' in 'java/lang/ClassLoader'
  # this:     rdx:rdx   = 'java/lang/ClassLoader'
  # parm0:    r8:r8     = 'java/lang/String'
  #           [sp+0x40]  (sp of caller)
  0x000001fc0caf3b40: 448b 5208 | 49c1 e203 

  0x000001fc0caf3b48: ;   {runtime_call ic_miss_stub}
  0x000001fc0caf3b48: 4c3b d00f | 852f d242 | 070f 1f84 | 0000 0000 | 000f 1f80 | 0000 0000 
[Verified Entry Point]
  0x000001fc0caf3b60: 8984 2400 | 90ff ff55 | 4883 ec30 

  0x000001fc0caf3b6c: ;   {metadata(method data for {method} {0x000001fc1f01d380} 'loadClass' '(Ljava/lang/String;)Ljava/lang/Class;' in 'java/lang/ClassLoader')}
  0x000001fc0caf3b6c: 49b9 80ec | 961f fc01 | 0000 418b | b1cc 0000 | 0083 c602 | 4189 b1cc | 0000 0081 | e6fe 0700 
  0x000001fc0caf3b8c: 0083 fe00 | 0f84 b900 | 0000 4c8b 

  0x000001fc0caf3b98: ;   {metadata(method data for {method} {0x000001fc1f01d380} 'loadClass' '(Ljava/lang/String;)Ljava/lang/Class;' in 'java/lang/ClassLoader')}
  0x000001fc0caf3b98: ca48 be80 | ec96 1ffc | 0100 0045 | 8b49 0849 | c1e1 034c | 3b8e 2001 | 0000 750d | 4883 8628 
  0x000001fc0caf3bb8: 0100 0001 | e966 0000 | 004c 3b8e | 3001 0000 | 750d 4883 | 8638 0100 | 0001 e950 | 0000 0048 
  0x000001fc0caf3bd8: 81be 2001 | 0000 0000 | 0000 7517 | 4c89 8e20 | 0100 0048 | c786 2801 | 0000 0100 | 0000 e92c 
  0x000001fc0caf3bf8: 0000 0048 | 81be 3001 | 0000 0000 | 0000 7517 | 4c89 8e30 | 0100 0048 | c786 3801 | 0000 0100 
  0x000001fc0caf3c18: 0000 e908 | 0000 0048 | 8386 1001 | 0000 0141 | b900 0000 | 0048 b888 | a20c 0001 

  0x000001fc0caf3c34: ;   {virtual_call}
  0x000001fc0caf3c34: 0000 00e8 

  0x000001fc0caf3c38: ; ImmutableOopMap {}
                      ;*invokevirtual loadClass {reexecute=0 rethrow=0 return_oop=0}
                      ; - java.lang.ClassLoader::loadClass@3
  0x000001fc0caf3c38: 0407 0400 | 4883 c430 

  0x000001fc0caf3c40: ;   {poll_return}
  0x000001fc0caf3c40: 5d49 3ba7 | 5003 0000 | 0f87 2200 

  0x000001fc0caf3c4c: ;   {metadata({method} {0x000001fc1f01d380} 'loadClass' '(Ljava/lang/String;)Ljava/lang/Class;' in 'java/lang/ClassLoader')}
  0x000001fc0caf3c4c: 0000 c349 | ba78 d301 | 1ffc 0100 | 004c 8954 | 2408 48c7 | 0424 ffff 

  0x000001fc0caf3c64: ;   {runtime_call counter_overflow Runtime1 stub}
  0x000001fc0caf3c64: ffff e895 

  0x000001fc0caf3c68: ; ImmutableOopMap {rdx=Oop r8=Oop }
                      ;*synchronization entry
                      ; - java.lang.ClassLoader::loadClass@-1
  0x000001fc0caf3c68: 884d 07e9 | 26ff ffff 

  0x000001fc0caf3c70: ;   {internal_word}
  0x000001fc0caf3c70: 49ba 413c | af0c fc01 | 0000 4d89 | 9768 0300 

  0x000001fc0caf3c80: ;   {runtime_call SafepointBlob}
  0x000001fc0caf3c80: 00e9 7a3a | 4307 9090 | 498b 87e0 | 0300 0049 | c787 e003 | 0000 0000 | 0000 49c7 | 87e8 0300 
  0x000001fc0caf3ca0: 0000 0000 | 0048 83c4 

  0x000001fc0caf3ca8: ;   {runtime_call unwind_exception Runtime1 stub}
  0x000001fc0caf3ca8: 305d e9d1 | 6644 07f4 | f4f4 f4f4 | f4f4 f4f4 | f4f4 f4f4 | f4f4 f4f4 
[Stub Code]
  0x000001fc0caf3cc0: ;   {no_reloc}
  0x000001fc0caf3cc0: 0f1f 4400 

  0x000001fc0caf3cc4: ;   {static_stub}
  0x000001fc0caf3cc4: 0048 bb00 | 0000 0000 

  0x000001fc0caf3ccc: ;   {runtime_call}
  0x000001fc0caf3ccc: 0000 00e9 | fbff ffff 
[Exception Handler]
  0x000001fc0caf3cd4: ;   {runtime_call handle_exception_from_callee Runtime1 stub}
  0x000001fc0caf3cd4: e8a7 3944 

  0x000001fc0caf3cd8: ;   {external_word}
  0x000001fc0caf3cd8: 0748 b930 | 9aa8 1dfd | 7f00 0048 

  0x000001fc0caf3ce4: ;   {runtime_call}
  0x000001fc0caf3ce4: 83e4 f049 | ba40 2b71 | 1dfd 7f00 | 0041 ffd2 

  0x000001fc0caf3cf4: ;   {section_word}
  0x000001fc0caf3cf4: f449 baf5 | 3caf 0cfc | 0100 0041 

  0x000001fc0caf3d00: ;   {runtime_call DeoptimizationBlob}
  0x000001fc0caf3d00: 52e9 9a2c | 4307 f4f4 
[/MachCode]


---------------  P R O C E S S  ---------------

Threads class SMR info:
_java_thread_list=0x000001fc25237170, length=13, elements={
0x000001fc085400e0, 0x000001fc1e312020, 0x000001fc1e312ea0, 0x000001fc23406010,
0x000001fc23406da0, 0x000001fc23407c20, 0x000001fc233d8330, 0x000001fc233dcf50,
0x000001fc1e31e720, 0x000001fc2346e3b0, 0x000001fc1e1fbd20, 0x000001fc235de320,
0x000001fc24b15ee0
}

Java Threads: ( => current thread )
=>0x000001fc085400e0 JavaThread "main" [_thread_in_vm, id=21312, stack(0x0000008627b00000,0x0000008627c00000)]
  0x000001fc1e312020 JavaThread "Reference Handler" daemon [_thread_blocked, id=41204, stack(0x0000008627e00000,0x0000008627f00000)]
  0x000001fc1e312ea0 JavaThread "Finalizer" daemon [_thread_blocked, id=32276, stack(0x0000008627f00000,0x0000008628000000)]
  0x000001fc23406010 JavaThread "Signal Dispatcher" daemon [_thread_blocked, id=24984, stack(0x0000008628000000,0x0000008628100000)]
  0x000001fc23406da0 JavaThread "Attach Listener" daemon [_thread_blocked, id=36064, stack(0x0000008628100000,0x0000008628200000)]
  0x000001fc23407c20 JavaThread "Service Thread" daemon [_thread_blocked, id=18156, stack(0x0000008628200000,0x0000008628300000)]
  0x000001fc233d8330 JavaThread "Monitor Deflation Thread" daemon [_thread_blocked, id=1552, stack(0x0000008628300000,0x0000008628400000)]
  0x000001fc233dcf50 JavaThread "C2 CompilerThread0" daemon [_thread_blocked, id=28604, stack(0x0000008628400000,0x0000008628500000)]
  0x000001fc1e31e720 JavaThread "C1 CompilerThread0" daemon [_thread_blocked, id=24744, stack(0x0000008628500000,0x0000008628600000)]
  0x000001fc2346e3b0 JavaThread "Sweeper thread" daemon [_thread_blocked, id=15556, stack(0x0000008628600000,0x0000008628700000)]
  0x000001fc1e1fbd20 JavaThread "Common-Cleaner" daemon [_thread_blocked, id=25376, stack(0x0000008628700000,0x0000008628800000)]
  0x000001fc235de320 JavaThread "C2 CompilerThread1" daemon [_thread_blocked, id=36112, stack(0x0000008628800000,0x0000008628900000)]
  0x000001fc24b15ee0 JavaThread "Notification Thread" daemon [_thread_blocked, id=7296, stack(0x0000008628900000,0x0000008628a00000)]

Other Threads:
  0x000001fc233b4870 VMThread "VM Thread" [stack: 0x0000008627d00000,0x0000008627e00000] [id=19364]
  0x000001fc23726f60 WatcherThread [stack: 0x0000008628a00000,0x0000008628b00000] [id=8912]
  0x000001fc085558b0 GCTaskThread "GC Thread#0" [stack: 0x0000008627c00000,0x0000008627d00000] [id=31516]
  0x000001fc252b0fc0 GCTaskThread "GC Thread#1" [stack: 0x0000008628c00000,0x0000008628d00000] [id=24100]
  0x000001fc252aff60 GCTaskThread "GC Thread#2" [stack: 0x0000008628d00000,0x0000008628e00000] [id=8164]
  0x000001fc250eecc0 GCTaskThread "GC Thread#3" [stack: 0x0000008628e00000,0x0000008628f00000] [id=28864]
  0x000001fc250eef80 GCTaskThread "GC Thread#4" [stack: 0x0000008628f00000,0x0000008629000000] [id=24992]
  0x000001fc250ef240 GCTaskThread "GC Thread#5" [stack: 0x0000008629000000,0x0000008629100000] [id=1820]
  0x000001fc250ef500 GCTaskThread "GC Thread#6" [stack: 0x0000008629100000,0x0000008629200000] [id=13284]

Threads with active compile tasks:

VM state: not at safepoint (normal execution)

VM Mutex/Monitor currently owned by a thread:  ([mutex/lock_event])
[0x000001fc0853ae90] Metaspace_lock - owner thread: 0x000001fc085400e0

Heap address: 0x00000000c0000000, size: 1024 MB, Compressed Oops mode: 32-bit

CDS archive(s) not mapped
Compressed class space mapped at: 0x0000000100000000-0x0000000140000000, reserved size: 1073741824
Narrow klass base: 0x0000000000000000, Narrow klass shift: 3, Narrow klass range: 0x140000000

GC Precious Log:
 CPUs: 12 total, 12 available
 Memory: 32679M
 Large Page Support: Disabled
 NUMA Support: Disabled
 Compressed Oops: Enabled (32-bit)
 Alignments: Space 512K, Generation 512K, Heap 2M
 Heap Min Capacity: 100M
 Heap Initial Capacity: 100M
 Heap Max Capacity: 1G
 Pre-touch: Disabled
 Parallel Workers: 10

Heap:
 PSYoungGen      total 29696K, used 7314K [0x00000000eab00000, 0x00000000ecc00000, 0x0000000100000000)
  eden space 25600K, 15% used [0x00000000eab00000,0x00000000eaee6ce8,0x00000000ec400000)
  from space 4096K, 81% used [0x00000000ec400000,0x00000000ec73dd00,0x00000000ec800000)
  to   space 4096K, 0% used [0x00000000ec800000,0x00000000ec800000,0x00000000ecc00000)
 ParOldGen       total 68608K, used 8K [0x00000000c0000000, 0x00000000c4300000, 0x00000000eab00000)
  object space 68608K, 0% used [0x00000000c0000000,0x00000000c0002000,0x00000000c4300000)
 Metaspace       used 11746K, committed 11840K, reserved 1114112K
  class space    used 1168K, committed 1216K, reserved 1048576K

Card table byte_map: [0x000001fc1bb90000,0x000001fc1bda0000] _byte_map_base: 0x000001fc1b590000

Marking Bits: (ParMarkBitMap*) 0x00007ffd1dcfd820
 Begin Bits: [0x000001fc1bf00000, 0x000001fc1cf00000)
 End Bits:   [0x000001fc1cf00000, 0x000001fc1df00000)

Polling page: 0x000001fc085f0000

Metaspace:

Usage:
  Non-class:     10.33 MB used.
      Class:      1.14 MB used.
       Both:     11.47 MB used.

Virtual space:
  Non-class space:       64.00 MB reserved,      10.38 MB ( 16%) committed,  1 nodes.
      Class space:        1.00 GB reserved,       1.19 MB ( <1%) committed,  1 nodes.
             Both:        1.06 GB reserved,      11.56 MB (  1%) committed. 

Chunk freelists:
   Non-Class:  4.73 MB
       Class:  14.64 MB
        Both:  19.38 MB

MaxMetaspaceSize: unlimited
CompressedClassSpaceSize: 1.00 GB
Initial GC threshold: 21.00 MB
Current GC threshold: 21.00 MB
CDS: off
MetaspaceReclaimPolicy: balanced
 - commit_granule_bytes: 65536.
 - commit_granule_words: 8192.
 - virtual_space_node_default_size: 8388608.
 - enlarge_chunks_in_place: 1.
 - new_chunks_are_fully_committed: 0.
 - uncommit_free_chunks: 1.
 - use_allocation_guard: 0.
 - handle_deallocations: 1.


Internal statistics:

num_allocs_failed_limit: 0.
num_arena_births: 30.
num_arena_deaths: 0.
num_vsnodes_births: 2.
num_vsnodes_deaths: 0.
num_space_committed: 185.
num_space_uncommitted: 0.
num_chunks_returned_to_freelist: 0.
num_chunks_taken_from_freelist: 124.
num_chunk_merges: 0.
num_chunk_splits: 83.
num_chunks_enlarged: 71.
num_inconsistent_stats: 0.

CodeHeap 'non-profiled nmethods': size=120000Kb used=430Kb max_used=430Kb free=119569Kb
 bounds [0x000001fc14470000, 0x000001fc146e0000, 0x000001fc1b9a0000]
CodeHeap 'profiled nmethods': size=120000Kb used=1864Kb max_used=1864Kb free=118135Kb
 bounds [0x000001fc0c9a0000, 0x000001fc0cc10000, 0x000001fc13ed0000]
CodeHeap 'non-nmethods': size=5760Kb used=1147Kb max_used=1161Kb free=4612Kb
 bounds [0x000001fc13ed0000, 0x000001fc14140000, 0x000001fc14470000]
 total_blobs=1509 nmethods=1067 adapters=357
 compilation: enabled
              stopped_count=0, restarted_count=0
 full_count=0

Compilation events (20 events):
Event: 0.919 Thread 0x000001fc1e31e720 1058       3       java.util.ArrayDeque::addLast (51 bytes)
Event: 0.919 Thread 0x000001fc1e31e720 nmethod 1058 0x000001fc0cb69190 code [0x000001fc0cb69360, 0x000001fc0cb697d8]
Event: 0.919 Thread 0x000001fc1e31e720 1059       3       java.util.ArrayDeque::add (7 bytes)
Event: 0.919 Thread 0x000001fc1e31e720 nmethod 1059 0x000001fc0cb69990 code [0x000001fc0cb69b40, 0x000001fc0cb69c88]
Event: 0.921 Thread 0x000001fc1e31e720 1060   !   3       java.util.zip.ZipFile::getInputStream (276 bytes)
Event: 0.922 Thread 0x000001fc1e31e720 nmethod 1060 0x000001fc0cb69d10 code [0x000001fc0cb6a000, 0x000001fc0cb6b188]
Event: 0.922 Thread 0x000001fc1e31e720 1061       3       java.util.zip.ZipFile$ZipFileInputStream::<init> (96 bytes)
Event: 0.922 Thread 0x000001fc1e31e720 nmethod 1061 0x000001fc0cb6bc90 code [0x000001fc0cb6bec0, 0x000001fc0cb6c8c8]
Event: 0.922 Thread 0x000001fc1e31e720 1062       3       java.util.zip.ZipUtils::CENOFF (9 bytes)
Event: 0.922 Thread 0x000001fc1e31e720 nmethod 1062 0x000001fc0cb6cd10 code [0x000001fc0cb6cec0, 0x000001fc0cb6d198]
Event: 0.923 Thread 0x000001fc1e31e720 1063       3       jdk.internal.access.SharedSecrets::javaUtilJarAccess (19 bytes)
Event: 0.923 Thread 0x000001fc1e31e720 nmethod 1063 0x000001fc0cb6d310 code [0x000001fc0cb6d500, 0x000001fc0cb6d8a8]
Event: 0.923 Thread 0x000001fc1e31e720 1064   !   3       java.util.jar.JarFile::getManifestFromReference (197 bytes)
Event: 0.924 Thread 0x000001fc1e31e720 nmethod 1064 0x000001fc0cb6da90 code [0x000001fc0cb6dd80, 0x000001fc0cb6f078]
Event: 0.924 Thread 0x000001fc1e31e720 1065       3       jdk.internal.perf.PerfCounter::addElapsedTimeFrom (10 bytes)
Event: 0.924 Thread 0x000001fc1e31e720 nmethod 1065 0x000001fc0cb6f790 code [0x000001fc0cb6f940, 0x000001fc0cb6faa8]
Event: 0.924 Thread 0x000001fc1e31e720 1066       3       java.net.URL::toExternalForm (9 bytes)
Event: 0.924 Thread 0x000001fc1e31e720 nmethod 1066 0x000001fc0cb6fb90 code [0x000001fc0cb6fd40, 0x000001fc0cb6ff08]
Event: 0.924 Thread 0x000001fc1e31e720 1067       3       java.net.URLStreamHandler::toExternalForm (156 bytes)
Event: 0.925 Thread 0x000001fc1e31e720 nmethod 1067 0x000001fc0cb70010 code [0x000001fc0cb70420, 0x000001fc0cb71b98]

GC Heap History (2 events):
Event: 0.828 GC heap before
{Heap before GC invocations=1 (full 0):
 PSYoungGen      total 29696K, used 25600K [0x00000000eab00000, 0x00000000ecc00000, 0x0000000100000000)
  eden space 25600K, 100% used [0x00000000eab00000,0x00000000ec400000,0x00000000ec400000)
  from space 4096K, 0% used [0x00000000ec800000,0x00000000ec800000,0x00000000ecc00000)
  to   space 4096K, 0% used [0x00000000ec400000,0x00000000ec400000,0x00000000ec800000)
 ParOldGen       total 68608K, used 0K [0x00000000c0000000, 0x00000000c4300000, 0x00000000eab00000)
  object space 68608K, 0% used [0x00000000c0000000,0x00000000c0000000,0x00000000c4300000)
 Metaspace       used 10934K, committed 11072K, reserved 1114112K
  class space    used 1084K, committed 1152K, reserved 1048576K
}
Event: 0.836 GC heap after
{Heap after GC invocations=1 (full 0):
 PSYoungGen      total 29696K, used 3319K [0x00000000eab00000, 0x00000000ecc00000, 0x0000000100000000)
  eden space 25600K, 0% used [0x00000000eab00000,0x00000000eab00000,0x00000000ec400000)
  from space 4096K, 81% used [0x00000000ec400000,0x00000000ec73dd00,0x00000000ec800000)
  to   space 4096K, 0% used [0x00000000ec800000,0x00000000ec800000,0x00000000ecc00000)
 ParOldGen       total 68608K, used 8K [0x00000000c0000000, 0x00000000c4300000, 0x00000000eab00000)
  object space 68608K, 0% used [0x00000000c0000000,0x00000000c0002000,0x00000000c4300000)
 Metaspace       used 10934K, committed 11072K, reserved 1114112K
  class space    used 1084K, committed 1152K, reserved 1048576K
}

Dll operation events (8 events):
Event: 0.012 Loaded shared library c:\Users\rmfls\.vscode\extensions\redhat.java-1.32.0-win32-x64\jre\17.0.11-win32-x86_64\bin\java.dll
Event: 0.228 Loaded shared library c:\Users\rmfls\.vscode\extensions\redhat.java-1.32.0-win32-x64\jre\17.0.11-win32-x86_64\bin\zip.dll
Event: 0.234 Loaded shared library C:\Users\rmfls\.vscode\extensions\redhat.java-1.32.0-win32-x64\jre\17.0.11-win32-x86_64\bin\instrument.dll
Event: 0.244 Loaded shared library C:\Users\rmfls\.vscode\extensions\redhat.java-1.32.0-win32-x64\jre\17.0.11-win32-x86_64\bin\net.dll
Event: 0.246 Loaded shared library C:\Users\rmfls\.vscode\extensions\redhat.java-1.32.0-win32-x64\jre\17.0.11-win32-x86_64\bin\nio.dll
Event: 0.252 Loaded shared library C:\Users\rmfls\.vscode\extensions\redhat.java-1.32.0-win32-x64\jre\17.0.11-win32-x86_64\bin\zip.dll
Event: 0.265 Loaded shared library C:\Users\rmfls\.vscode\extensions\redhat.java-1.32.0-win32-x64\jre\17.0.11-win32-x86_64\bin\jimage.dll
Event: 0.318 Loaded shared library c:\Users\rmfls\.vscode\extensions\redhat.java-1.32.0-win32-x64\jre\17.0.11-win32-x86_64\bin\verify.dll

Deoptimization events (20 events):
Event: 0.769 Thread 0x000001fc085400e0 DEOPT PACKING pc=0x000001fc14498e1c sp=0x0000008627bfe130
Event: 0.769 Thread 0x000001fc085400e0 DEOPT UNPACKING pc=0x000001fc13f266a3 sp=0x0000008627bfe0e0 mode 2
Event: 0.796 Thread 0x000001fc085400e0 Uncommon trap: trap_request=0xffffff45 fr.pc=0x000001fc144ce594 relative=0x0000000000000a54
Event: 0.796 Thread 0x000001fc085400e0 Uncommon trap: reason=unstable_if action=reinterpret pc=0x000001fc144ce594 method=java.util.HashMap.hash(Ljava/lang/Object;)I @ 1 c2
Event: 0.796 Thread 0x000001fc085400e0 DEOPT PACKING pc=0x000001fc144ce594 sp=0x0000008627bfdf90
Event: 0.796 Thread 0x000001fc085400e0 DEOPT UNPACKING pc=0x000001fc13f266a3 sp=0x0000008627bfdf00 mode 2
Event: 0.796 Thread 0x000001fc085400e0 Uncommon trap: trap_request=0xffffff45 fr.pc=0x000001fc144c5964 relative=0x0000000000000244
Event: 0.796 Thread 0x000001fc085400e0 Uncommon trap: reason=unstable_if action=reinterpret pc=0x000001fc144c5964 method=java.util.HashMap.hash(Ljava/lang/Object;)I @ 1 c2
Event: 0.796 Thread 0x000001fc085400e0 DEOPT PACKING pc=0x000001fc144c5964 sp=0x0000008627bfdec0
Event: 0.796 Thread 0x000001fc085400e0 DEOPT UNPACKING pc=0x000001fc13f266a3 sp=0x0000008627bfdd58 mode 2
Event: 0.796 Thread 0x000001fc085400e0 Uncommon trap: trap_request=0xffffff45 fr.pc=0x000001fc144b8340 relative=0x0000000000000280
Event: 0.796 Thread 0x000001fc085400e0 Uncommon trap: reason=unstable_if action=reinterpret pc=0x000001fc144b8340 method=java.util.HashMap.hash(Ljava/lang/Object;)I @ 1 c2
Event: 0.796 Thread 0x000001fc085400e0 DEOPT PACKING pc=0x000001fc144b8340 sp=0x0000008627bfdf50
Event: 0.796 Thread 0x000001fc085400e0 DEOPT UNPACKING pc=0x000001fc13f266a3 sp=0x0000008627bfde68 mode 2
Event: 0.796 Thread 0x000001fc085400e0 Uncommon trap: trap_request=0xffffff45 fr.pc=0x000001fc1447a814 relative=0x0000000000000094
Event: 0.796 Thread 0x000001fc085400e0 Uncommon trap: reason=unstable_if action=reinterpret pc=0x000001fc1447a814 method=java.util.HashMap.hash(Ljava/lang/Object;)I @ 1 c2
Event: 0.796 Thread 0x000001fc085400e0 DEOPT PACKING pc=0x000001fc1447a814 sp=0x0000008627bfddc0
Event: 0.796 Thread 0x000001fc085400e0 DEOPT UNPACKING pc=0x000001fc13f266a3 sp=0x0000008627bfdd58 mode 2
Event: 0.816 Thread 0x000001fc085400e0 DEOPT PACKING pc=0x000001fc0c9eada2 sp=0x0000008627bf9780
Event: 0.816 Thread 0x000001fc085400e0 DEOPT UNPACKING pc=0x000001fc13f26e43 sp=0x0000008627bf8be0 mode 0

Classes unloaded (0 events):
No events

Classes redefined (0 events):
No events

Internal exceptions (20 events):
Event: 0.567 Thread 0x000001fc085400e0 Exception <a 'java/io/FileNotFoundException'{0x00000000eb8c6390}> (0x00000000eb8c6390) 
thrown [s\src\hotspot\share\prims\jni.cpp, line 516]
Event: 0.567 Thread 0x000001fc085400e0 Exception <a 'java/io/FileNotFoundException'{0x00000000eb8c73f8}> (0x00000000eb8c73f8) 
thrown [s\src\hotspot\share\prims\jni.cpp, line 516]
Event: 0.568 Thread 0x000001fc085400e0 Exception <a 'java/io/FileNotFoundException'{0x00000000eb8c8458}> (0x00000000eb8c8458) 
thrown [s\src\hotspot\share\prims\jni.cpp, line 516]
Event: 0.568 Thread 0x000001fc085400e0 Exception <a 'java/io/FileNotFoundException'{0x00000000eb8c9488}> (0x00000000eb8c9488) 
thrown [s\src\hotspot\share\prims\jni.cpp, line 516]
Event: 0.574 Thread 0x000001fc085400e0 Exception <a 'java/io/FileNotFoundException'{0x00000000eb9042f0}> (0x00000000eb9042f0) 
thrown [s\src\hotspot\share\prims\jni.cpp, line 516]
Event: 0.757 Thread 0x000001fc085400e0 Exception <a 'java/lang/ClassNotFoundException'{0x00000000ec120cc0}: sun/net/www/protocol/c/Handler> (0x00000000ec120cc0) 
thrown [s\src\hotspot\share\classfile\systemDictionary.cpp, line 256]
Event: 0.757 Thread 0x000001fc085400e0 Exception <a 'java/lang/ClassNotFoundException'{0x00000000ec121ff0}: sun/net/www/protocol/c/Handler> (0x00000000ec121ff0) 
thrown [s\src\hotspot\share\classfile\systemDictionary.cpp, line 256]
Event: 0.757 Thread 0x000001fc085400e0 Exception <a 'java/lang/ClassNotFoundException'{0x00000000ec123140}: sun/net/www/protocol/c/Handler> (0x00000000ec123140) 
thrown [s\src\hotspot\share\classfile\systemDictionary.cpp, line 256]
Event: 0.769 Thread 0x000001fc085400e0 Exception <a 'java/io/FileNotFoundException'{0x00000000ec14adf8}> (0x00000000ec14adf8) 
thrown [s\src\hotspot\share\prims\jni.cpp, line 516]
Event: 0.796 Thread 0x000001fc085400e0 Implicit null exception at 0x000001fc144cdb7b to 0x000001fc144ce57c
Event: 0.796 Thread 0x000001fc085400e0 Implicit null exception at 0x000001fc144c576c to 0x000001fc144c594c
Event: 0.796 Thread 0x000001fc085400e0 Implicit null exception at 0x000001fc144b810c to 0x000001fc144b8324
Event: 0.796 Thread 0x000001fc085400e0 Implicit null exception at 0x000001fc1447a78f to 0x000001fc1447a805
Event: 0.840 Thread 0x000001fc085400e0 Exception <a 'java/lang/NoSuchMethodError'{0x00000000eab245b0}: 'int java.lang.invoke.DirectMethodHandle$Holder.invokeStaticInit(java.lang.Object, java.lang.Object, java.lang.Object, java.lang.Object)'> (0x00000000eab245b0) 
thrown [s\src\hotspot\share\interpreter\linkResolver.cpp, line 759]
Event: 0.841 Thread 0x000001fc085400e0 Exception <a 'java/lang/NoSuchMethodError'{0x00000000eab2ed28}: 'java.lang.Object java.lang.invoke.DirectMethodHandle$Holder.invokeInterface(java.lang.Object, java.lang.Object)'> (0x00000000eab2ed28) 
thrown [s\src\hotspot\share\interpreter\linkResolver.cpp, line 759]
Event: 0.842 Thread 0x000001fc085400e0 Exception <a 'java/lang/IncompatibleClassChangeError'{0x00000000eab32520}: Found class java.lang.Object, but interface was expected> (0x00000000eab32520) 
thrown [s\src\hotspot\share\interpreter\linkResolver.cpp, line 826]
Event: 0.842 Thread 0x000001fc085400e0 Exception <a 'java/lang/NoSuchMethodError'{0x00000000eab36a10}: 'void java.lang.invoke.DirectMethodHandle$Holder.invokeStatic(java.lang.Object, java.lang.Object)'> (0x00000000eab36a10) 
thrown [s\src\hotspot\share\interpreter\linkResolver.cpp, line 759]
Event: 0.842 Thread 0x000001fc085400e0 Exception <a 'java/lang/NoSuchMethodError'{0x00000000eab3a210}: 'void java.lang.invoke.DirectMethodHandle$Holder.invokeStaticInit(java.lang.Object, java.lang.Object)'> (0x00000000eab3a210) 
thrown [s\src\hotspot\share\interpreter\linkResolver.cpp, line 759]
Event: 0.843 Thread 0x000001fc085400e0 Exception <a 'java/lang/NoSuchMethodError'{0x00000000eab41700}: 'int java.lang.invoke.DirectMethodHandle$Holder.invokeStaticInit(java.lang.Object, java.lang.Object)'> (0x00000000eab41700) 
thrown [s\src\hotspot\share\interpreter\linkResolver.cpp, line 759]
Event: 0.901 Thread 0x000001fc085400e0 Exception <a 'java/lang/NoSuchMethodError'{0x00000000eacd2178}: 'void java.lang.invoke.DirectMethodHandle$Holder.invokeSpecial(java.lang.Object, java.lang.Object, java.lang.Object)'> (0x00000000eacd2178) 
thrown [s\src\hotspot\share\interpreter\linkResolver.cpp, line 759]

VM Operations (14 events):
Event: 0.213 Executing VM operation: HandshakeAllThreads
Event: 0.213 Executing VM operation: HandshakeAllThreads done
Event: 0.279 Executing VM operation: HandshakeAllThreads
Event: 0.279 Executing VM operation: HandshakeAllThreads done
Event: 0.544 Executing VM operation: HandshakeAllThreads
Event: 0.544 Executing VM operation: HandshakeAllThreads done
Event: 0.555 Executing VM operation: HandshakeAllThreads
Event: 0.555 Executing VM operation: HandshakeAllThreads done
Event: 0.745 Executing VM operation: HandshakeAllThreads
Event: 0.745 Executing VM operation: HandshakeAllThreads done
Event: 0.774 Executing VM operation: ICBufferFull
Event: 0.774 Executing VM operation: ICBufferFull done
Event: 0.828 Executing VM operation: ParallelGCFailedAllocation
Event: 0.836 Executing VM operation: ParallelGCFailedAllocation done

Events (20 events):
Event: 0.917 loading class java/util/AbstractQueue done
Event: 0.917 loading class java/util/concurrent/SynchronousQueue done
Event: 0.917 loading class java/util/concurrent/SynchronousQueue$TransferStack
Event: 0.917 loading class java/util/concurrent/SynchronousQueue$Transferer
Event: 0.917 loading class java/util/concurrent/SynchronousQueue$Transferer done
Event: 0.917 loading class java/util/concurrent/SynchronousQueue$TransferStack done
Event: 0.917 loading class java/util/concurrent/SynchronousQueue$TransferStack$SNode
Event: 0.917 loading class java/util/concurrent/ForkJoinPool$ManagedBlocker
Event: 0.917 loading class java/util/concurrent/ForkJoinPool$ManagedBlocker done
Event: 0.917 loading class java/util/concurrent/SynchronousQueue$TransferStack$SNode done
Event: 0.918 loading class java/util/concurrent/RejectedExecutionHandler
Event: 0.918 loading class java/util/concurrent/RejectedExecutionHandler done
Event: 0.918 loading class java/util/concurrent/LinkedBlockingQueue
Event: 0.918 loading class java/util/concurrent/LinkedBlockingQueue done
Event: 0.918 loading class java/util/concurrent/LinkedBlockingQueue$Node
Event: 0.918 loading class java/util/concurrent/LinkedBlockingQueue$Node done
Event: 0.924 loading class java/util/concurrent/Semaphore$NonfairSync
Event: 0.924 loading class java/util/concurrent/Semaphore$Sync
Event: 0.924 loading class java/util/concurrent/Semaphore$Sync done
Event: 0.924 loading class java/util/concurrent/Semaphore$NonfairSync done


Dynamic libraries:
0x00007ff70c210000 - 0x00007ff70c21e000 	c:\Users\rmfls\.vscode\extensions\redhat.java-1.32.0-win32-x64\jre\17.0.11-win32-x86_64\bin\java.exe
0x00007ffdea710000 - 0x00007ffdea927000 	C:\WINDOWS\SYSTEM32\ntdll.dll
0x00007ffde86b0000 - 0x00007ffde8774000 	C:\WINDOWS\System32\KERNEL32.DLL
0x00007ffde7ac0000 - 0x00007ffde7e6d000 	C:\WINDOWS\System32\KERNELBASE.dll
0x00007ffde80d0000 - 0x00007ffde81e1000 	C:\WINDOWS\System32\ucrtbase.dll
0x00007ffda6370000 - 0x00007ffda638b000 	c:\Users\rmfls\.vscode\extensions\redhat.java-1.32.0-win32-x64\jre\17.0.11-win32-x86_64\bin\VCRUNTIME140.dll
0x00007ffda5960000 - 0x00007ffda5977000 	c:\Users\rmfls\.vscode\extensions\redhat.java-1.32.0-win32-x64\jre\17.0.11-win32-x86_64\bin\jli.dll
0x00007ffde8450000 - 0x00007ffde85fe000 	C:\WINDOWS\System32\USER32.dll
0x00007ffde7fe0000 - 0x00007ffde8006000 	C:\WINDOWS\System32\win32u.dll
0x00007ffdd7750000 - 0x00007ffdd79e3000 	C:\WINDOWS\WinSxS\amd64_microsoft.windows.common-controls_6595b64144ccf1df_6.0.22621.3672_none_2713b9d173822955\COMCTL32.dll
0x00007ffdea6a0000 - 0x00007ffdea6c9000 	C:\WINDOWS\System32\GDI32.dll
0x00007ffde8840000 - 0x00007ffde88e7000 	C:\WINDOWS\System32\msvcrt.dll
0x00007ffde81f0000 - 0x00007ffde8309000 	C:\WINDOWS\System32\gdi32full.dll
0x00007ffde8340000 - 0x00007ffde83da000 	C:\WINDOWS\System32\msvcp_win.dll
0x00007ffde9800000 - 0x00007ffde9831000 	C:\WINDOWS\System32\IMM32.DLL
0x00007ffdddf30000 - 0x00007ffdddf3c000 	c:\Users\rmfls\.vscode\extensions\redhat.java-1.32.0-win32-x64\jre\17.0.11-win32-x86_64\bin\vcruntime140_1.dll
0x00007ffd390a0000 - 0x00007ffd3912d000 	c:\Users\rmfls\.vscode\extensions\redhat.java-1.32.0-win32-x64\jre\17.0.11-win32-x86_64\bin\msvcp140.dll
0x00007ffd1d160000 - 0x00007ffd1ddc2000 	c:\Users\rmfls\.vscode\extensions\redhat.java-1.32.0-win32-x64\jre\17.0.11-win32-x86_64\bin\server\jvm.dll
0x00007ffde8780000 - 0x00007ffde8832000 	C:\WINDOWS\System32\ADVAPI32.dll
0x00007ffde8600000 - 0x00007ffde86a9000 	C:\WINDOWS\System32\sechost.dll
0x00007ffde8310000 - 0x00007ffde8338000 	C:\WINDOWS\System32\bcrypt.dll
0x00007ffdea580000 - 0x00007ffdea694000 	C:\WINDOWS\System32\RPCRT4.dll
0x00007ffde1dd0000 - 0x00007ffde1dd9000 	C:\WINDOWS\SYSTEM32\WSOCK32.dll
0x00007ffdea500000 - 0x00007ffdea571000 	C:\WINDOWS\System32\WS2_32.dll
0x00007ffde03d0000 - 0x00007ffde03da000 	C:\WINDOWS\SYSTEM32\VERSION.dll
0x00007ffde68d0000 - 0x00007ffde691d000 	C:\WINDOWS\SYSTEM32\POWRPROF.dll
0x00007ffdddd30000 - 0x00007ffdddd64000 	C:\WINDOWS\SYSTEM32\WINMM.dll
0x00007ffde68b0000 - 0x00007ffde68c3000 	C:\WINDOWS\SYSTEM32\UMPDC.dll
0x00007ffde6b60000 - 0x00007ffde6b78000 	C:\WINDOWS\SYSTEM32\kernel.appcore.dll
0x00007ffdd7400000 - 0x00007ffdd740a000 	c:\Users\rmfls\.vscode\extensions\redhat.java-1.32.0-win32-x64\jre\17.0.11-win32-x86_64\bin\jimage.dll
0x00007ffde4c80000 - 0x00007ffde4eb2000 	C:\WINDOWS\SYSTEM32\DBGHELP.DLL
0x00007ffde8e90000 - 0x00007ffde9218000 	C:\WINDOWS\System32\combase.dll
0x00007ffde8bb0000 - 0x00007ffde8c87000 	C:\WINDOWS\System32\OLEAUT32.dll
0x00007ffdbb760000 - 0x00007ffdbb792000 	C:\WINDOWS\SYSTEM32\dbgcore.DLL
0x00007ffde7a40000 - 0x00007ffde7abb000 	C:\WINDOWS\System32\bcryptPrimitives.dll
0x00007ffdbd2b0000 - 0x00007ffdbd2be000 	c:\Users\rmfls\.vscode\extensions\redhat.java-1.32.0-win32-x64\jre\17.0.11-win32-x86_64\bin\instrument.dll
0x00007ffd93a90000 - 0x00007ffd93ab5000 	c:\Users\rmfls\.vscode\extensions\redhat.java-1.32.0-win32-x64\jre\17.0.11-win32-x86_64\bin\java.dll
0x00007ffd4aaa0000 - 0x00007ffd4aab8000 	c:\Users\rmfls\.vscode\extensions\redhat.java-1.32.0-win32-x64\jre\17.0.11-win32-x86_64\bin\zip.dll
0x00007ffde9c90000 - 0x00007ffdea4ef000 	C:\WINDOWS\System32\SHELL32.dll
0x00007ffde59a0000 - 0x00007ffde629c000 	C:\WINDOWS\SYSTEM32\windows.storage.dll
0x00007ffde5860000 - 0x00007ffde599f000 	C:\WINDOWS\SYSTEM32\wintypes.dll
0x00007ffde8ab0000 - 0x00007ffde8ba4000 	C:\WINDOWS\System32\SHCORE.dll
0x00007ffde9840000 - 0x00007ffde989e000 	C:\WINDOWS\System32\shlwapi.dll
0x00007ffde7970000 - 0x00007ffde7991000 	C:\WINDOWS\SYSTEM32\profapi.dll
0x00007ffd4aa80000 - 0x00007ffd4aa99000 	C:\Users\rmfls\.vscode\extensions\redhat.java-1.32.0-win32-x64\jre\17.0.11-win32-x86_64\bin\net.dll
0x00007ffde4050000 - 0x00007ffde4186000 	C:\WINDOWS\SYSTEM32\WINHTTP.dll
0x00007ffde6fd0000 - 0x00007ffde7039000 	C:\WINDOWS\system32\mswsock.dll
0x00007ffd4aa60000 - 0x00007ffd4aa76000 	C:\Users\rmfls\.vscode\extensions\redhat.java-1.32.0-win32-x64\jre\17.0.11-win32-x86_64\bin\nio.dll
0x00007ffdbd150000 - 0x00007ffdbd160000 	c:\Users\rmfls\.vscode\extensions\redhat.java-1.32.0-win32-x64\jre\17.0.11-win32-x86_64\bin\verify.dll

dbghelp: loaded successfully - version: 4.0.5 - missing functions: none
symbol engine: initialized successfully - sym options: 0x614 - pdb path: .;c:\Users\rmfls\.vscode\extensions\redhat.java-1.32.0-win32-x64\jre\17.0.11-win32-x86_64\bin;C:\WINDOWS\SYSTEM32;C:\WINDOWS\WinSxS\amd64_microsoft.windows.common-controls_6595b64144ccf1df_6.0.22621.3672_none_2713b9d173822955;c:\Users\rmfls\.vscode\extensions\redhat.java-1.32.0-win32-x64\jre\17.0.11-win32-x86_64\bin\server

VM Arguments:
jvm_args: --add-modules=ALL-SYSTEM --add-opens=java.base/java.util=ALL-UNNAMED --add-opens=java.base/java.lang=ALL-UNNAMED --add-opens=java.base/sun.nio.fs=ALL-UNNAMED -Declipse.application=org.eclipse.jdt.ls.core.id1 -Dosgi.bundles.defaultStartLevel=4 -Declipse.product=org.eclipse.jdt.ls.core.product -Djava.import.generatesMetadataFilesAtProjectRoot=false -DDetectVMInstallationsJob.disabled=true -Dfile.encoding=utf8 -XX:+UseParallelGC -XX:GCTimeRatio=4 -XX:AdaptiveSizePolicyWeight=90 -Dsun.zip.disableMemoryMapping=true -Xmx1G -Xms100m -Xlog:disable -javaagent:c:\Users\rmfls\.vscode\extensions\redhat.java-1.32.0-win32-x64\lombok\lombok-1.18.33.jar -XX:+HeapDumpOnOutOfMemoryError -XX:HeapDumpPath=c:\Users\rmfls\AppData\Roaming\Code\User\workspaceStorage\b6e8e065e50e717ed850505fb393d2c7\redhat.java -Daether.dependencyCollector.impl=bf 
java_command: c:\Users\rmfls\.vscode\extensions\redhat.java-1.32.0-win32-x64\server\plugins\org.eclipse.equinox.launcher_1.6.900.v20240613-2009.jar -configuration c:\Users\rmfls\AppData\Roaming\Code\User\globalStorage\redhat.java\1.32.0\config_win -data c:\Users\rmfls\AppData\Roaming\Code\User\workspaceStorage\b6e8e065e50e717ed850505fb393d2c7\redhat.java\jdt_ws --pipe=\\.\pipe\lsp-d4633eaa4e366501d19ca80a6fa141c7-sock
java_class_path (initial): c:\Users\rmfls\.vscode\extensions\redhat.java-1.32.0-win32-x64\server\plugins\org.eclipse.equinox.launcher_1.6.900.v20240613-2009.jar
Launcher Type: SUN_STANDARD

[Global flags]
    uintx AdaptiveSizePolicyWeight                 = 90                                        {product} {command line}
     intx CICompilerCount                          = 4                                         {product} {ergonomic}
    uintx GCTimeRatio                              = 4                                         {product} {command line}
     bool HeapDumpOnOutOfMemoryError               = true                                   {manageable} {command line}
    ccstr HeapDumpPath                             = c:\Users\rmfls\AppData\Roaming\Code\User\workspaceStorage\b6e8e065e50e717ed850505fb393d2c7\redhat.java         {manageable} {command line}
   size_t InitialHeapSize                          = 104857600                                 {product} {command line}
   size_t MaxHeapSize                              = 1073741824                                {product} {command line}
   size_t MaxNewSize                               = 357564416                                 {product} {ergonomic}
   size_t MinHeapDeltaBytes                        = 524288                                    {product} {ergonomic}
   size_t MinHeapSize                              = 104857600                                 {product} {command line}
   size_t NewSize                                  = 34603008                                  {product} {ergonomic}
    uintx NonNMethodCodeHeapSize                   = 5839372                                {pd product} {ergonomic}
    uintx NonProfiledCodeHeapSize                  = 122909434                              {pd product} {ergonomic}
   size_t OldSize                                  = 70254592                                  {product} {ergonomic}
    uintx ProfiledCodeHeapSize                     = 122909434                              {pd product} {ergonomic}
    uintx ReservedCodeCacheSize                    = 251658240                              {pd product} {ergonomic}
     bool SegmentedCodeCache                       = true                                      {product} {ergonomic}
   size_t SoftMaxHeapSize                          = 1073741824                             {manageable} {ergonomic}
     bool UseCompressedClassPointers               = true                           {product lp64_product} {ergonomic}
     bool UseCompressedOops                        = true                           {product lp64_product} {ergonomic}
     bool UseLargePagesIndividualAllocation        = false                                  {pd product} {ergonomic}
     bool UseParallelGC                            = true                                      {product} {command line}

Logging:
Log output configuration:
 #0: stdout all=off uptime,level,tags
 #1: stderr all=off uptime,level,tags

Environment Variables:
JAVA_HOME=C:\Program Files\Unity\Hub\Editor\2021.3.27f1\Editor\Data\PlaybackEngines\AndroidPlayer\OpenJDK
PATH=C:\Program Files\Java\jdk-17\bin;C:\Program Files (x86)\Common Files\Oracle\Java\javapath;C:\Program Files (x86)\NAT Service;C:\WINDOWS\system32;C:\WINDOWS;C:\WINDOWS\System32\Wbem;C:\WINDOWS\System32\WindowsPowerShell\v1.0\;C:\WINDOWS\System32\OpenSSH\;C:\Program Files (x86)\NVIDIA Corporation\PhysX\Common;C:\Program Files\Bandizip\;C:\Program Files\dotnet\;D:\;C:\Program Files\nodejs\;C:\Program Files\Git\cmd;C:\WINDOWS\system32;C:\WINDOWS;C:\WINDOWS\System32\Wbem;C:\WINDOWS\System32\WindowsPowerShell\v1.0\;C:\WINDOWS\System32\OpenSSH\;C:\ProgramData\chocolatey\bin;C:\Users\rmfls\AppData\Local\Android\Sdk;C:\Users\rmfls\AppData\Local\Programs\Python\Python310\Scripts\;C:\Users\rmfls\AppData\Local\Programs\Python\Python310\;C:\Program Files (x86)\Common Files\Oracle\Java\javapath;C:\Program Files (x86)\NAT Service;C:\WINDOWS\system32;C:\WINDOWS;C:\WINDOWS\System32\Wbem;C:\WINDOWS\System32\WindowsPowerShell\v1.0\;C:\WINDOWS\System32\OpenSSH\;C:\Program Files (x86)\NVIDIA Corporation\PhysX\Common;C:\Program Files\Bandizip\;C:\Program Files\dotnet\;D:\;C:\Program Files\nodejs\;C:\Program Files\Git\cmd;C:\WINDOWS\system32;C:\WINDOWS;C:\WINDOWS\System32\Wbem;C:\WINDOWS\System32\WindowsPowerShell\v1.0\;C:\WINDOWS\System32\OpenSSH\;C:\ProgramData\chocolatey\bin;C:\Program Files\MySQL\MySQL Shell 8.0\bin\;C:\Users\rmfls\AppData\Local\Programs\Python\Python311\Scripts\;C:\Users\rmfls\AppData\Local\Programs\Python\Python311\;C:\Users\rmfls\AppData\Local\Microsoft\WindowsApps;C:\Users\rmfls\AppData\Local\Programs\Microsoft VS Code\bin;C:\Users\rmfls\AppData\Local\GitHubDesktop\bin;C:\Users\rmfls\AppData\Roaming\npm;C:\Users\rmfls\.dotnet\tools;C:\Users\rmfls\AppData\Local\Android\Sdk\platform-tools;;C:\Users\rmfls\AppData\Local\Android\Sdk
USERNAME=rmfls
OS=Windows_NT
PROCESSOR_IDENTIFIER=AMD64 Family 25 Model 33 Stepping 0, AuthenticAMD
TMP=C:\Users\rmfls\AppData\Local\Temp
TEMP=C:\Users\rmfls\AppData\Local\Temp



Periodic native trim disabled


---------------  S Y S T E M  ---------------

OS:
 Windows 11 , 64 bit Build 22621 (10.0.22621.3672)
OS uptime: 1 days 5:08 hours

CPU: total 12 (initial active 12) (12 cores per cpu, 2 threads per core) family 25 model 33 stepping 0 microcode 0x0, cx8, cmov, fxsr, ht, mmx, 3dnowpref, sse, sse2, sse3, ssse3, sse4a, sse4.1, sse4.2, popcnt, lzcnt, tsc, tscinvbit, avx, avx2, aes, erms, clmul, bmi1, bmi2, adx, sha, fma, vzeroupper, clflush, clflushopt
Processor Information for all 12 processors :
  Max Mhz: 3701, Current Mhz: 3701, Mhz Limit: 3701

Memory: 4k page, system-wide physical 32679M (7433M free)
TotalPageFile size 34727M (AvailPageFile size 10M)
current process WorkingSet (physical memory assigned to process): 80M, peak: 80M
current process commit charge ("private bytes"): 207M, peak: 207M

vm_info: OpenJDK 64-Bit Server VM (17.0.11+9) for windows-amd64 JRE (17.0.11+9), built on Apr 17 2024 06:07:48 by "admin" with MS VC++ 16.10 / 16.11 (VS2019)

END.
